TN:
SF:contracts/base/ERC1155Base.sol
FN:83,ERC1155Base.uri
FNDA:20,ERC1155Base.uri
DA:84,20
DA:85,20
BRDA:85,0,0,4
BRDA:85,0,1,16
DA:86,4
DA:89,16
DA:90,16
FN:108,ERC1155Base.mintTo
FNDA:8,ERC1155Base.mintTo
DA:114,8
BRDA:114,1,0,1
BRDA:114,1,1,7
DA:116,7
DA:117,7
DA:119,7
BRDA:119,2,0,5
BRDA:119,2,1,2
DA:120,5
DA:121,5
DA:122,5
DA:124,2
BRDA:124,3,0,1
BRDA:124,3,1,1
DA:125,1
DA:128,6
FN:143,ERC1155Base.batchMintTo
FNDA:13,ERC1155Base.batchMintTo
DA:149,13
BRDA:149,4,0,1
BRDA:149,4,1,12
DA:150,12
BRDA:150,5,0,1
BRDA:150,5,1,11
DA:151,11
BRDA:151,6,0,1
BRDA:151,6,1,10
DA:153,10
DA:154,10
DA:156,10
DA:158,10
DA:159,29
BRDA:159,7,0,-
BRDA:159,7,1,22
DA:160,22
DA:162,22
DA:163,22
DA:165,7
BRDA:165,8,0,1
BRDA:165,8,1,6
DA:169,9
BRDA:169,9,0,8
BRDA:169,9,1,9
DA:170,8
DA:173,9
DA:174,9
FN:184,ERC1155Base.burn
FNDA:3,ERC1155Base.burn
DA:189,3
DA:191,3
BRDA:191,10,0,1
BRDA:191,10,1,2
DA:192,2
BRDA:192,11,0,1
BRDA:192,11,1,1
DA:194,1
FN:204,ERC1155Base.burnBatch
FNDA:4,ERC1155Base.burnBatch
DA:209,4
DA:211,4
BRDA:211,12,0,1
BRDA:211,12,1,3
DA:212,3
BRDA:212,13,0,1
BRDA:212,13,1,2
DA:214,2
DA:215,4
BRDA:215,14,0,1
BRDA:215,14,1,3
DA:218,1
FN:226,ERC1155Base.supportsInterface
FNDA:0,ERC1155Base.supportsInterface
DA:227,0
DA:228,0
DA:229,0
DA:230,0
DA:231,0
FN:239,ERC1155Base.nextTokenIdToMint
FNDA:23,ERC1155Base.nextTokenIdToMint
DA:240,46
FN:248,ERC1155Base.setApprovalForAll
FNDA:0,ERC1155Base.setApprovalForAll
DA:254,0
FN:260,ERC1155Base.safeTransferFrom
FNDA:0,ERC1155Base.safeTransferFrom
DA:267,0
FN:273,ERC1155Base.safeBatchTransferFrom
FNDA:0,ERC1155Base.safeBatchTransferFrom
DA:280,0
FN:288,ERC1155Base._canSetContractURI
FNDA:0,ERC1155Base._canSetContractURI
DA:289,0
FN:293,ERC1155Base._canMint
FNDA:21,ERC1155Base._canMint
DA:294,21
FN:298,ERC1155Base._canSetOwner
FNDA:0,ERC1155Base._canSetOwner
DA:299,0
FN:303,ERC1155Base._canSetRoyaltyInfo
FNDA:0,ERC1155Base._canSetRoyaltyInfo
DA:304,0
FN:308,ERC1155Base._canSetOperatorRestriction
FNDA:0,ERC1155Base._canSetOperatorRestriction
DA:309,0
FN:313,ERC1155Base._beforeTokenTransfer
FNDA:21,ERC1155Base._beforeTokenTransfer
DA:321,21
DA:323,21
BRDA:323,15,0,-
BRDA:323,15,1,38
DA:324,19
DA:325,38
DA:329,21
BRDA:329,16,0,-
BRDA:329,16,1,4
DA:330,2
DA:331,4
FNF:16
FNH:8
LF:62
LH:50
BRF:34
BRH:31
end_of_record
TN:
SF:contracts/base/ERC1155DelayedReveal.sol
FN:52,ERC1155DelayedReveal.uri
FNDA:40,ERC1155DelayedReveal.uri
DA:53,40
DA:54,40
DA:56,40
BRDA:56,0,0,20
BRDA:56,0,1,20
DA:57,20
DA:59,20
FN:76,ERC1155DelayedReveal.lazyMint
FNDA:1,ERC1155DelayedReveal.lazyMint
DA:81,1
BRDA:81,1,0,1
BRDA:81,1,1,1
DA:82,1
DA:83,1
BRDA:83,2,0,1
BRDA:83,2,1,1
DA:84,1
DA:88,1
FN:101,ERC1155DelayedReveal.reveal
FNDA:2,ERC1155DelayedReveal.reveal
DA:102,2
BRDA:102,3,0,-
BRDA:102,3,1,2
DA:104,2
DA:105,2
DA:107,2
DA:108,2
DA:110,2
FN:114,ERC1155DelayedReveal._canReveal
FNDA:2,ERC1155DelayedReveal._canReveal
DA:115,2
FNF:4
FNH:4
LF:17
LH:17
BRF:8
BRH:7
end_of_record
TN:
SF:contracts/base/ERC1155Drop.sol
FN:93,ERC1155Drop.supportsInterface
FNDA:0,ERC1155Drop.supportsInterface
DA:94,0
DA:95,0
DA:96,0
DA:97,0
DA:98,0
FN:112,ERC1155Drop.burn
FNDA:0,ERC1155Drop.burn
DA:117,0
DA:119,0
BRDA:119,0,0,-
BRDA:119,0,1,-
DA:120,0
BRDA:120,1,0,-
BRDA:120,1,1,-
DA:122,0
FN:132,ERC1155Drop.burnBatch
FNDA:0,ERC1155Drop.burnBatch
DA:137,0
DA:139,0
BRDA:139,2,0,-
BRDA:139,2,1,-
DA:140,0
BRDA:140,3,0,-
BRDA:140,3,1,-
DA:142,0
DA:143,0
BRDA:143,4,0,-
BRDA:143,4,1,-
DA:146,0
FN:159,ERC1155Drop.uri
FNDA:0,ERC1155Drop.uri
DA:160,0
DA:161,0
DA:163,0
BRDA:163,5,0,-
BRDA:163,5,1,-
DA:164,0
DA:166,0
FN:180,ERC1155Drop.reveal
FNDA:0,ERC1155Drop.reveal
DA:181,0
BRDA:181,6,0,-
BRDA:181,6,1,-
DA:183,0
DA:184,0
DA:186,0
DA:187,0
DA:189,0
FN:205,ERC1155Drop.lazyMint
FNDA:0,ERC1155Drop.lazyMint
DA:210,0
BRDA:210,7,0,-
BRDA:210,7,1,-
DA:211,0
DA:212,0
BRDA:212,8,0,-
BRDA:212,8,1,-
DA:213,0
DA:217,0
FN:221,ERC1155Drop.nextTokenIdToMint
FNDA:0,ERC1155Drop.nextTokenIdToMint
DA:222,0
FN:230,ERC1155Drop.setApprovalForAll
FNDA:0,ERC1155Drop.setApprovalForAll
DA:236,0
FN:242,ERC1155Drop.safeTransferFrom
FNDA:0,ERC1155Drop.safeTransferFrom
DA:249,0
FN:255,ERC1155Drop.safeBatchTransferFrom
FNDA:0,ERC1155Drop.safeBatchTransferFrom
DA:262,0
FN:270,ERC1155Drop._beforeClaim
FNDA:11,ERC1155Drop._beforeClaim
DA:279,11
BRDA:279,9,0,-
BRDA:279,9,1,11
DA:280,0
FN:285,ERC1155Drop._collectPriceOnClaim
FNDA:6,ERC1155Drop._collectPriceOnClaim
DA:291,6
BRDA:291,10,0,-
BRDA:291,10,1,4
DA:292,4
BRDA:292,11,0,-
BRDA:292,11,1,4
DA:293,4
DA:296,2
DA:298,2
DA:299,2
BRDA:299,12,0,2
BRDA:299,12,1,-
DA:300,2
DA:302,0
DA:304,2
BRDA:304,13,0,1
BRDA:304,13,1,1
DA:306,1
DA:307,1
FN:311,ERC1155Drop._transferTokensOnClaim
FNDA:5,ERC1155Drop._transferTokensOnClaim
DA:316,5
FN:320,ERC1155Drop._beforeTokenTransfer
FNDA:5,ERC1155Drop._beforeTokenTransfer
DA:328,5
DA:330,5
BRDA:330,14,0,-
BRDA:330,14,1,5
DA:331,5
DA:332,5
DA:336,5
BRDA:336,15,0,-
BRDA:336,15,1,-
DA:337,0
DA:338,0
FN:344,ERC1155Drop._canSetPrimarySaleRecipient
FNDA:0,ERC1155Drop._canSetPrimarySaleRecipient
DA:345,0
FN:349,ERC1155Drop._canSetOwner
FNDA:0,ERC1155Drop._canSetOwner
DA:350,0
FN:354,ERC1155Drop._canSetRoyaltyInfo
FNDA:0,ERC1155Drop._canSetRoyaltyInfo
DA:355,0
FN:359,ERC1155Drop._canSetContractURI
FNDA:0,ERC1155Drop._canSetContractURI
DA:360,0
FN:364,ERC1155Drop._canSetClaimConditions
FNDA:15,ERC1155Drop._canSetClaimConditions
DA:365,15
FN:369,ERC1155Drop._canLazyMint
FNDA:0,ERC1155Drop._canLazyMint
DA:370,0
FN:374,ERC1155Drop._canSetOperatorRestriction
FNDA:0,ERC1155Drop._canSetOperatorRestriction
DA:375,0
FN:379,ERC1155Drop._canReveal
FNDA:0,ERC1155Drop._canReveal
DA:380,0
FNF:22
FNH:5
LF:64
LH:18
BRF:32
BRH:7
end_of_record
TN:
SF:contracts/base/ERC1155LazyMint.sol
FN:97,ERC1155LazyMint.uri
FNDA:1,ERC1155LazyMint.uri
DA:98,1
DA:99,1
FN:122,ERC1155LazyMint.claim
FNDA:2,ERC1155LazyMint.claim
DA:127,2
BRDA:127,0,0,1
BRDA:127,0,1,1
DA:128,1
DA:130,1
DA:131,1
FN:144,ERC1155LazyMint.verifyClaim
FNDA:0,ERC1155LazyMint.verifyClaim
FN:157,ERC1155LazyMint.burn
FNDA:0,ERC1155LazyMint.burn
DA:162,0
DA:164,0
BRDA:164,1,0,-
BRDA:164,1,1,-
DA:165,0
BRDA:165,2,0,-
BRDA:165,2,1,-
DA:167,0
FN:177,ERC1155LazyMint.burnBatch
FNDA:0,ERC1155LazyMint.burnBatch
DA:182,0
DA:184,0
BRDA:184,3,0,-
BRDA:184,3,1,-
DA:185,0
BRDA:185,4,0,-
BRDA:185,4,1,-
DA:187,0
DA:188,0
BRDA:188,5,0,-
BRDA:188,5,1,-
DA:191,0
FN:199,ERC1155LazyMint.supportsInterface
FNDA:0,ERC1155LazyMint.supportsInterface
DA:200,0
DA:201,0
DA:202,0
DA:203,0
DA:204,0
FN:212,ERC1155LazyMint.nextTokenIdToMint
FNDA:4,ERC1155LazyMint.nextTokenIdToMint
DA:213,6
FN:221,ERC1155LazyMint.setApprovalForAll
FNDA:0,ERC1155LazyMint.setApprovalForAll
DA:227,0
FN:233,ERC1155LazyMint.safeTransferFrom
FNDA:0,ERC1155LazyMint.safeTransferFrom
DA:240,0
FN:246,ERC1155LazyMint.safeBatchTransferFrom
FNDA:0,ERC1155LazyMint.safeBatchTransferFrom
DA:253,0
FN:268,ERC1155LazyMint._transferTokensOnClaim
FNDA:1,ERC1155LazyMint._transferTokensOnClaim
DA:273,1
FN:277,ERC1155LazyMint._canLazyMint
FNDA:1,ERC1155LazyMint._canLazyMint
DA:278,1
FN:282,ERC1155LazyMint._canSetContractURI
FNDA:0,ERC1155LazyMint._canSetContractURI
DA:283,0
FN:287,ERC1155LazyMint._canSetOwner
FNDA:0,ERC1155LazyMint._canSetOwner
DA:288,0
FN:292,ERC1155LazyMint._canSetRoyaltyInfo
FNDA:0,ERC1155LazyMint._canSetRoyaltyInfo
DA:293,0
FN:297,ERC1155LazyMint._canSetOperatorRestriction
FNDA:0,ERC1155LazyMint._canSetOperatorRestriction
DA:298,0
FN:302,ERC1155LazyMint._beforeTokenTransfer
FNDA:1,ERC1155LazyMint._beforeTokenTransfer
DA:310,1
DA:312,1
BRDA:312,6,0,-
BRDA:312,6,1,1
DA:313,1
DA:314,1
DA:318,1
BRDA:318,7,0,-
BRDA:318,7,1,-
DA:319,0
DA:320,0
FNF:17
FNH:6
LF:38
LH:14
BRF:16
BRH:3
end_of_record
TN:
SF:contracts/base/ERC1155SignatureMint.sol
FN:52,ERC1155SignatureMint.mintWithSignature
FNDA:7,ERC1155SignatureMint.mintWithSignature
DA:59,7
BRDA:59,0,0,1
BRDA:59,0,1,6
DA:61,6
DA:62,6
DA:64,6
BRDA:64,1,0,4
BRDA:64,1,1,2
DA:65,4
DA:66,4
DA:68,2
BRDA:68,2,0,1
BRDA:68,2,1,1
DA:69,1
DA:73,5
DA:75,5
DA:78,5
DA:81,4
BRDA:81,3,0,4
BRDA:81,3,1,4
DA:82,4
DA:86,4
BRDA:86,4,0,3
BRDA:86,4,1,4
DA:87,3
DA:91,4
DA:93,4
FN:101,ERC1155SignatureMint._canSignMintRequest
FNDA:5,ERC1155SignatureMint._canSignMintRequest
DA:102,5
FN:106,ERC1155SignatureMint._canSetPrimarySaleRecipient
FNDA:0,ERC1155SignatureMint._canSetPrimarySaleRecipient
DA:107,0
FN:111,ERC1155SignatureMint._collectPriceOnClaim
FNDA:5,ERC1155SignatureMint._collectPriceOnClaim
DA:117,5
BRDA:117,5,0,-
BRDA:117,5,1,3
DA:118,3
BRDA:118,6,0,-
BRDA:118,6,1,3
DA:119,3
DA:122,2
DA:124,2
DA:125,2
BRDA:125,7,0,2
BRDA:125,7,1,-
DA:126,2
DA:128,0
DA:130,2
BRDA:130,8,0,1
BRDA:130,8,1,1
DA:132,1
DA:133,1
FNF:4
FNH:3
LF:30
LH:28
BRF:18
BRH:15
end_of_record
TN:
SF:contracts/base/ERC20Base.sol
FN:53,ERC20Base.mintTo
FNDA:10,ERC20Base.mintTo
DA:54,10
BRDA:54,0,0,1
BRDA:54,0,1,9
DA:55,9
BRDA:55,1,0,1
BRDA:55,1,1,8
DA:57,8
FN:66,ERC20Base.burn
FNDA:2,ERC20Base.burn
DA:67,2
BRDA:67,2,0,1
BRDA:67,2,1,1
DA:68,1
FN:78,ERC20Base.burnFrom
FNDA:0,ERC20Base.burnFrom
DA:79,0
BRDA:79,3,0,-
BRDA:79,3,1,-
DA:80,0
BRDA:80,4,0,-
BRDA:80,4,1,-
DA:81,0
DA:82,0
DA:83,0
DA:84,0
FN:92,ERC20Base._canSetContractURI
FNDA:0,ERC20Base._canSetContractURI
DA:93,0
FN:97,ERC20Base._canMint
FNDA:10,ERC20Base._canMint
DA:98,10
FN:102,ERC20Base._canBurn
FNDA:0,ERC20Base._canBurn
DA:103,0
FN:107,ERC20Base._canSetOwner
FNDA:0,ERC20Base._canSetOwner
DA:108,0
FNF:7
FNH:3
LF:15
LH:6
BRF:10
BRH:6
end_of_record
TN:
SF:contracts/base/ERC20Drop.sol
FN:62,ERC20Drop.burn
FNDA:2,ERC20Drop.burn
DA:63,2
BRDA:63,0,0,1
BRDA:63,0,1,1
DA:64,1
FN:74,ERC20Drop.burnFrom
FNDA:0,ERC20Drop.burnFrom
DA:75,0
BRDA:75,1,0,-
BRDA:75,1,1,-
DA:76,0
BRDA:76,2,0,-
BRDA:76,2,1,-
DA:77,0
DA:78,0
DA:79,0
DA:80,0
FN:88,ERC20Drop._collectPriceOnClaim
FNDA:4,ERC20Drop._collectPriceOnClaim
DA:94,4
BRDA:94,3,0,-
BRDA:94,3,1,2
DA:95,2
BRDA:95,4,0,-
BRDA:95,4,1,2
DA:96,2
DA:99,2
DA:100,2
BRDA:100,5,0,-
BRDA:100,5,1,2
DA:102,2
DA:103,2
BRDA:103,6,0,1
BRDA:103,6,1,1
DA:104,1
DA:106,1
DA:108,2
BRDA:108,7,0,-
BRDA:108,7,1,2
DA:110,2
DA:111,2
FN:115,ERC20Drop._transferTokensOnClaim
FNDA:4,ERC20Drop._transferTokensOnClaim
DA:121,4
DA:122,4
FN:126,ERC20Drop._canSetClaimConditions
FNDA:4,ERC20Drop._canSetClaimConditions
DA:127,4
FN:131,ERC20Drop._canSetContractURI
FNDA:0,ERC20Drop._canSetContractURI
DA:132,0
FN:136,ERC20Drop._canMint
FNDA:0,ERC20Drop._canMint
DA:137,0
FN:141,ERC20Drop._canBurn
FNDA:0,ERC20Drop._canBurn
DA:142,0
FN:146,ERC20Drop._canSetOwner
FNDA:0,ERC20Drop._canSetOwner
DA:147,0
FN:151,ERC20Drop._canSetPrimarySaleRecipient
FNDA:0,ERC20Drop._canSetPrimarySaleRecipient
DA:152,0
FNF:10
FNH:4
LF:28
LH:17
BRF:16
BRH:8
end_of_record
TN:
SF:contracts/base/ERC20DropVote.sol
FN:61,ERC20DropVote.burn
FNDA:2,ERC20DropVote.burn
DA:62,2
BRDA:62,0,0,1
BRDA:62,0,1,1
DA:63,1
FN:71,ERC20DropVote._collectPriceOnClaim
FNDA:4,ERC20DropVote._collectPriceOnClaim
DA:77,4
BRDA:77,1,0,-
BRDA:77,1,1,2
DA:78,2
BRDA:78,2,0,-
BRDA:78,2,1,2
DA:79,2
DA:82,2
DA:83,2
BRDA:83,3,0,-
BRDA:83,3,1,2
DA:85,2
DA:86,2
BRDA:86,4,0,1
BRDA:86,4,1,1
DA:87,1
DA:89,1
DA:91,2
BRDA:91,5,0,-
BRDA:91,5,1,2
DA:93,2
DA:94,2
FN:98,ERC20DropVote._transferTokensOnClaim
FNDA:4,ERC20DropVote._transferTokensOnClaim
DA:104,4
DA:105,4
FN:109,ERC20DropVote._canSetClaimConditions
FNDA:4,ERC20DropVote._canSetClaimConditions
DA:110,4
FN:114,ERC20DropVote._canSetContractURI
FNDA:0,ERC20DropVote._canSetContractURI
DA:115,0
FN:119,ERC20DropVote._canMint
FNDA:0,ERC20DropVote._canMint
DA:120,0
FN:124,ERC20DropVote._canSetOwner
FNDA:0,ERC20DropVote._canSetOwner
DA:125,0
FN:129,ERC20DropVote._canSetPrimarySaleRecipient
FNDA:0,ERC20DropVote._canSetPrimarySaleRecipient
DA:130,0
FNF:8
FNH:4
LF:21
LH:17
BRF:12
BRH:8
end_of_record
TN:
SF:contracts/base/ERC20SignatureMint.sol
FN:50,ERC20SignatureMint.mintWithSignature
FNDA:5,ERC20SignatureMint.mintWithSignature
DA:56,5
BRDA:56,0,0,1
BRDA:56,0,1,4
DA:59,4
DA:61,4
DA:64,4
DA:67,3
DA:69,3
FN:77,ERC20SignatureMint._canSignMintRequest
FNDA:4,ERC20SignatureMint._canSignMintRequest
DA:78,4
FN:82,ERC20SignatureMint._canSetPrimarySaleRecipient
FNDA:0,ERC20SignatureMint._canSetPrimarySaleRecipient
DA:83,0
FN:87,ERC20SignatureMint._collectPriceOnClaim
FNDA:4,ERC20SignatureMint._collectPriceOnClaim
DA:92,4
BRDA:92,1,0,-
BRDA:92,1,1,1
DA:93,1
BRDA:93,2,0,-
BRDA:93,2,1,1
DA:94,1
DA:97,3
BRDA:97,3,0,1
BRDA:97,3,1,1
DA:98,2
BRDA:98,4,0,1
BRDA:98,4,1,1
DA:100,1
BRDA:100,5,0,-
BRDA:100,5,1,1
DA:103,2
DA:104,2
FNF:4
FNH:3
LF:16
LH:15
BRF:12
BRH:9
end_of_record
TN:
SF:contracts/base/ERC20SignatureMintVote.sol
FN:50,ERC20SignatureMintVote.mintWithSignature
FNDA:5,ERC20SignatureMintVote.mintWithSignature
DA:56,5
BRDA:56,0,0,1
BRDA:56,0,1,4
DA:59,4
DA:68,4
DA:71,4
DA:74,3
DA:76,3
FN:84,ERC20SignatureMintVote._canSignMintRequest
FNDA:4,ERC20SignatureMintVote._canSignMintRequest
DA:85,4
FN:89,ERC20SignatureMintVote._canSetPrimarySaleRecipient
FNDA:0,ERC20SignatureMintVote._canSetPrimarySaleRecipient
DA:90,0
FN:94,ERC20SignatureMintVote._collectPriceOnClaim
FNDA:4,ERC20SignatureMintVote._collectPriceOnClaim
DA:99,4
BRDA:99,1,0,-
BRDA:99,1,1,1
DA:100,1
BRDA:100,2,0,-
BRDA:100,2,1,1
DA:101,1
DA:104,3
BRDA:104,3,0,1
BRDA:104,3,1,1
DA:105,2
BRDA:105,4,0,1
BRDA:105,4,1,1
DA:107,1
BRDA:107,5,0,-
BRDA:107,5,1,1
DA:110,2
DA:111,2
FNF:4
FNH:3
LF:16
LH:15
BRF:12
BRH:9
end_of_record
TN:
SF:contracts/base/ERC20Vote.sol
FN:53,ERC20Vote.mintTo
FNDA:10,ERC20Vote.mintTo
DA:54,10
BRDA:54,0,0,1
BRDA:54,0,1,9
DA:55,9
BRDA:55,1,0,1
BRDA:55,1,1,8
DA:57,8
FN:66,ERC20Vote.burn
FNDA:2,ERC20Vote.burn
DA:67,2
BRDA:67,2,0,1
BRDA:67,2,1,1
DA:68,1
FN:78,ERC20Vote.burnFrom
FNDA:0,ERC20Vote.burnFrom
DA:79,0
BRDA:79,3,0,-
BRDA:79,3,1,-
DA:80,0
BRDA:80,4,0,-
BRDA:80,4,1,-
DA:81,0
DA:82,0
DA:83,0
DA:84,0
FN:92,ERC20Vote._canSetContractURI
FNDA:0,ERC20Vote._canSetContractURI
DA:93,0
FN:97,ERC20Vote._canMint
FNDA:10,ERC20Vote._canMint
DA:98,10
FN:102,ERC20Vote._canBurn
FNDA:0,ERC20Vote._canBurn
DA:103,0
FN:107,ERC20Vote._canSetOwner
FNDA:0,ERC20Vote._canSetOwner
DA:108,0
FNF:7
FNH:3
LF:15
LH:6
BRF:10
BRH:6
end_of_record
TN:
SF:contracts/base/ERC721Base.sol
FN:72,ERC721Base.supportsInterface
FNDA:12,ERC721Base.supportsInterface
DA:73,12
DA:74,12
DA:75,12
DA:76,6
DA:77,6
FN:90,ERC721Base.tokenURI
FNDA:106,ERC721Base.tokenURI
DA:91,106
DA:92,106
BRDA:92,0,0,6
BRDA:92,0,1,100
DA:93,6
DA:96,100
DA:97,100
FN:111,ERC721Base.mintTo
FNDA:13,ERC721Base.mintTo
DA:112,13
BRDA:112,1,0,1
BRDA:112,1,1,12
DA:113,12
DA:114,12
FN:126,ERC721Base.batchMintTo
FNDA:3,ERC721Base.batchMintTo
DA:132,3
BRDA:132,2,0,1
BRDA:132,2,1,2
DA:133,2
DA:134,2
FN:143,ERC721Base.burn
FNDA:3,ERC721Base.burn
DA:144,3
FN:152,ERC721Base.nextTokenIdToMint
FNDA:16,ERC721Base.nextTokenIdToMint
DA:153,34
FN:157,ERC721Base.isApprovedOrOwner
FNDA:3,ERC721Base.isApprovedOrOwner
DA:163,3
DA:164,3
FN:174,ERC721Base.setApprovalForAll
FNDA:7,ERC721Base.setApprovalForAll
DA:180,7
FN:184,ERC721Base.approve
FNDA:1,ERC721Base.approve
DA:190,1
FN:194,ERC721Base.transferFrom
FNDA:0,ERC721Base.transferFrom
DA:199,0
FN:203,ERC721Base.safeTransferFrom
FNDA:0,ERC721Base.safeTransferFrom
DA:208,0
FN:212,ERC721Base.safeTransferFrom
FNDA:8,ERC721Base.safeTransferFrom
DA:218,8
FN:225,ERC721Base._setTokenURI
FNDA:15,ERC721Base._setTokenURI
DA:226,15
BRDA:226,3,0,-
BRDA:226,3,1,15
DA:227,15
FN:231,ERC721Base._canSetContractURI
FNDA:0,ERC721Base._canSetContractURI
DA:232,0
FN:236,ERC721Base._canMint
FNDA:16,ERC721Base._canMint
DA:237,16
FN:241,ERC721Base._canSetOwner
FNDA:0,ERC721Base._canSetOwner
DA:242,0
FN:246,ERC721Base._canSetRoyaltyInfo
FNDA:0,ERC721Base._canSetRoyaltyInfo
DA:247,0
FN:251,ERC721Base._canSetOperatorRestriction
FNDA:0,ERC721Base._canSetOperatorRestriction
DA:252,0
FNF:18
FNH:12
LF:32
LH:26
BRF:8
BRH:7
end_of_record
TN:
SF:contracts/base/ERC721DelayedReveal.sol
FN:53,ERC721DelayedReveal.tokenURI
FNDA:501,ERC721DelayedReveal.tokenURI
DA:54,501
DA:55,500
DA:57,500
BRDA:57,0,0,300
BRDA:57,0,1,200
DA:58,300
DA:60,200
FN:77,ERC721DelayedReveal.lazyMint
FNDA:5,ERC721DelayedReveal.lazyMint
DA:82,5
BRDA:82,1,0,4
BRDA:82,1,1,4
DA:83,4
DA:84,4
BRDA:84,2,0,4
BRDA:84,2,1,4
DA:85,4
DA:89,5
FN:102,ERC721DelayedReveal.reveal
FNDA:2,ERC721DelayedReveal.reveal
DA:103,2
BRDA:103,3,0,1
BRDA:103,3,1,1
DA:105,1
DA:106,1
DA:108,1
DA:109,1
DA:111,1
FN:115,ERC721DelayedReveal._canReveal
FNDA:2,ERC721DelayedReveal._canReveal
DA:116,2
FNF:4
FNH:4
LF:17
LH:17
BRF:8
BRH:8
end_of_record
TN:
SF:contracts/base/ERC721Drop.sol
FN:83,ERC721Drop.supportsInterface
FNDA:0,ERC721Drop.supportsInterface
DA:84,0
DA:85,0
DA:86,0
DA:87,0
DA:88,0
FN:101,ERC721Drop.tokenURI
FNDA:30,ERC721Drop.tokenURI
DA:102,30
DA:103,30
DA:105,30
BRDA:105,0,0,-
BRDA:105,0,1,30
DA:106,0
DA:108,30
FN:125,ERC721Drop.lazyMint
FNDA:4,ERC721Drop.lazyMint
DA:130,4
BRDA:130,1,0,-
BRDA:130,1,1,-
DA:131,0
DA:132,0
BRDA:132,2,0,-
BRDA:132,2,1,-
DA:133,0
DA:137,4
FN:141,ERC721Drop.nextTokenIdToMint
FNDA:0,ERC721Drop.nextTokenIdToMint
DA:142,0
FN:146,ERC721Drop.nextTokenIdToClaim
FNDA:0,ERC721Drop.nextTokenIdToClaim
DA:147,0
FN:160,ERC721Drop.reveal
FNDA:0,ERC721Drop.reveal
DA:161,0
BRDA:161,3,0,-
BRDA:161,3,1,-
DA:163,0
DA:164,0
DA:166,0
DA:167,0
DA:169,0
FN:182,ERC721Drop.burn
FNDA:0,ERC721Drop.burn
DA:183,0
FN:191,ERC721Drop.setApprovalForAll
FNDA:0,ERC721Drop.setApprovalForAll
DA:197,0
FN:201,ERC721Drop.approve
FNDA:0,ERC721Drop.approve
DA:207,0
FN:211,ERC721Drop.transferFrom
FNDA:0,ERC721Drop.transferFrom
DA:216,0
FN:220,ERC721Drop.safeTransferFrom
FNDA:0,ERC721Drop.safeTransferFrom
DA:225,0
FN:229,ERC721Drop.safeTransferFrom
FNDA:0,ERC721Drop.safeTransferFrom
DA:235,0
FN:243,ERC721Drop._beforeClaim
FNDA:4,ERC721Drop._beforeClaim
DA:251,4
BRDA:251,4,0,1
BRDA:251,4,1,3
DA:252,1
FN:257,ERC721Drop._collectPriceOnClaim
FNDA:3,ERC721Drop._collectPriceOnClaim
DA:263,3
BRDA:263,5,0,-
BRDA:263,5,1,1
DA:264,1
BRDA:264,6,0,-
BRDA:264,6,1,1
DA:265,1
DA:268,2
DA:270,2
DA:271,2
BRDA:271,7,0,1
BRDA:271,7,1,1
DA:272,1
DA:274,1
DA:276,2
BRDA:276,8,0,-
BRDA:276,8,1,2
DA:278,2
DA:279,2
FN:283,ERC721Drop._transferTokensOnClaim
FNDA:3,ERC721Drop._transferTokensOnClaim
DA:289,3
DA:290,3
FN:294,ERC721Drop._canSetPrimarySaleRecipient
FNDA:0,ERC721Drop._canSetPrimarySaleRecipient
DA:295,0
FN:299,ERC721Drop._canSetOwner
FNDA:0,ERC721Drop._canSetOwner
DA:300,0
FN:304,ERC721Drop._canSetRoyaltyInfo
FNDA:0,ERC721Drop._canSetRoyaltyInfo
DA:305,0
FN:309,ERC721Drop._canSetContractURI
FNDA:0,ERC721Drop._canSetContractURI
DA:310,0
FN:314,ERC721Drop._canSetClaimConditions
FNDA:4,ERC721Drop._canSetClaimConditions
DA:315,4
FN:319,ERC721Drop._canLazyMint
FNDA:4,ERC721Drop._canLazyMint
DA:320,4
FN:324,ERC721Drop._canReveal
FNDA:0,ERC721Drop._canReveal
DA:325,0
FN:329,ERC721Drop._canSetOperatorRestriction
FNDA:0,ERC721Drop._canSetOperatorRestriction
DA:330,0
FN:337,ERC721Drop._dropMsgSender
FNDA:9,ERC721Drop._dropMsgSender
DA:338,9
FNF:24
FNH:8
LF:53
LH:24
BRF:18
BRH:8
end_of_record
TN:
SF:contracts/base/ERC721LazyMint.sol
FN:81,ERC721LazyMint.supportsInterface
FNDA:0,ERC721LazyMint.supportsInterface
DA:82,0
DA:83,0
DA:84,0
DA:85,0
DA:86,0
FN:99,ERC721LazyMint.tokenURI
FNDA:5,ERC721LazyMint.tokenURI
DA:100,5
DA:101,5
FN:123,ERC721LazyMint.claim
FNDA:2,ERC721LazyMint.claim
DA:124,2
BRDA:124,0,0,1
BRDA:124,0,1,1
DA:125,1
DA:127,1
DA:128,1
FN:140,ERC721LazyMint.verifyClaim
FNDA:0,ERC721LazyMint.verifyClaim
FN:148,ERC721LazyMint.burn
FNDA:0,ERC721LazyMint.burn
DA:149,0
FN:153,ERC721LazyMint.nextTokenIdToMint
FNDA:4,ERC721LazyMint.nextTokenIdToMint
DA:154,4
FN:158,ERC721LazyMint.nextTokenIdToClaim
FNDA:0,ERC721LazyMint.nextTokenIdToClaim
DA:159,0
FN:167,ERC721LazyMint.setApprovalForAll
FNDA:0,ERC721LazyMint.setApprovalForAll
DA:173,0
FN:177,ERC721LazyMint.approve
FNDA:0,ERC721LazyMint.approve
DA:183,0
FN:187,ERC721LazyMint.transferFrom
FNDA:0,ERC721LazyMint.transferFrom
DA:192,0
FN:196,ERC721LazyMint.safeTransferFrom
FNDA:0,ERC721LazyMint.safeTransferFrom
DA:201,0
FN:205,ERC721LazyMint.safeTransferFrom
FNDA:0,ERC721LazyMint.safeTransferFrom
DA:211,0
FN:226,ERC721LazyMint._transferTokensOnClaim
FNDA:1,ERC721LazyMint._transferTokensOnClaim
DA:231,1
DA:232,1
FN:236,ERC721LazyMint._canLazyMint
FNDA:5,ERC721LazyMint._canLazyMint
DA:237,5
FN:241,ERC721LazyMint._canSetContractURI
FNDA:0,ERC721LazyMint._canSetContractURI
DA:242,0
FN:246,ERC721LazyMint._canSetOwner
FNDA:0,ERC721LazyMint._canSetOwner
DA:247,0
FN:251,ERC721LazyMint._canSetRoyaltyInfo
FNDA:0,ERC721LazyMint._canSetRoyaltyInfo
DA:252,0
FN:256,ERC721LazyMint._canSetOperatorRestriction
FNDA:0,ERC721LazyMint._canSetOperatorRestriction
DA:257,0
FNF:18
FNH:5
LF:26
LH:10
BRF:2
BRH:2
end_of_record
TN:
SF:contracts/base/ERC721Multiwrap.sol
FN:111,ERC721Multiwrap.supportsInterface
FNDA:0,ERC721Multiwrap.supportsInterface
DA:118,0
DA:119,0
DA:120,0
DA:121,0
DA:122,0
DA:123,0
DA:124,0
FN:132,ERC721Multiwrap.tokenURI
FNDA:1,ERC721Multiwrap.tokenURI
DA:133,1
FN:149,ERC721Multiwrap.wrap
FNDA:1,ERC721Multiwrap.wrap
DA:154,1
BRDA:154,0,0,-
BRDA:154,0,1,-
DA:155,0
DA:156,0
DA:160,1
DA:162,1
DA:164,1
DA:166,1
FN:175,ERC721Multiwrap.unwrap
FNDA:0,ERC721Multiwrap.unwrap
DA:176,0
BRDA:176,1,0,-
BRDA:176,1,1,-
DA:177,0
BRDA:177,2,0,-
BRDA:177,2,1,-
DA:179,0
DA:180,0
DA:182,0
FN:190,ERC721Multiwrap.nextTokenIdToMint
FNDA:2,ERC721Multiwrap.nextTokenIdToMint
DA:191,3
FN:195,ERC721Multiwrap.isApprovedOrOwner
FNDA:0,ERC721Multiwrap.isApprovedOrOwner
DA:201,0
DA:202,0
FN:212,ERC721Multiwrap.setApprovalForAll
FNDA:0,ERC721Multiwrap.setApprovalForAll
DA:218,0
FN:222,ERC721Multiwrap.approve
FNDA:0,ERC721Multiwrap.approve
DA:228,0
FN:232,ERC721Multiwrap.transferFrom
FNDA:0,ERC721Multiwrap.transferFrom
DA:237,0
FN:241,ERC721Multiwrap.safeTransferFrom
FNDA:0,ERC721Multiwrap.safeTransferFrom
DA:246,0
FN:250,ERC721Multiwrap.safeTransferFrom
FNDA:0,ERC721Multiwrap.safeTransferFrom
DA:256,0
FN:264,ERC721Multiwrap._beforeTokenTransfers
FNDA:1,ERC721Multiwrap._beforeTokenTransfers
DA:270,1
DA:271,1
FN:275,ERC721Multiwrap._canRestrictTransfers
FNDA:0,ERC721Multiwrap._canRestrictTransfers
DA:276,0
FN:280,ERC721Multiwrap._canSetContractURI
FNDA:0,ERC721Multiwrap._canSetContractURI
DA:281,0
FN:285,ERC721Multiwrap._canSetOwner
FNDA:0,ERC721Multiwrap._canSetOwner
DA:286,0
FN:290,ERC721Multiwrap._canSetRoyaltyInfo
FNDA:0,ERC721Multiwrap._canSetRoyaltyInfo
DA:291,0
FN:295,ERC721Multiwrap._canSetOperatorRestriction
FNDA:0,ERC721Multiwrap._canSetOperatorRestriction
DA:296,0
FNF:17
FNH:4
LF:35
LH:9
BRF:6
BRH:0
end_of_record
TN:
SF:contracts/base/ERC721SignatureMint.sol
FN:53,ERC721SignatureMint.mintWithSignature
FNDA:5,ERC721SignatureMint.mintWithSignature
DA:60,5
BRDA:60,0,0,1
BRDA:60,0,1,4
DA:62,4
DA:65,4
DA:67,4
DA:70,4
DA:73,3
BRDA:73,1,0,3
BRDA:73,1,1,3
DA:74,3
DA:78,3
DA:79,3
DA:81,3
FN:89,ERC721SignatureMint._canSignMintRequest
FNDA:4,ERC721SignatureMint._canSignMintRequest
DA:90,4
FN:94,ERC721SignatureMint._canSetPrimarySaleRecipient
FNDA:0,ERC721SignatureMint._canSetPrimarySaleRecipient
DA:95,0
FN:99,ERC721SignatureMint._collectPriceOnClaim
FNDA:4,ERC721SignatureMint._collectPriceOnClaim
DA:105,4
BRDA:105,2,0,-
BRDA:105,2,1,1
DA:106,1
BRDA:106,3,0,-
BRDA:106,3,1,1
DA:107,1
DA:110,3
DA:112,3
DA:113,3
BRDA:113,4,0,2
BRDA:113,4,1,1
DA:114,2
DA:116,1
DA:118,3
BRDA:118,5,0,1
BRDA:118,5,1,2
DA:120,2
DA:121,2
FNF:4
FNH:3
LF:23
LH:22
BRF:12
BRH:10
end_of_record
TN:
SF:contracts/base/Staking1155Base.sol
FN:78,Staking1155Base.depositRewardTokens
FNDA:0,Staking1155Base.depositRewardTokens
DA:79,0
FN:83,Staking1155Base.withdrawRewardTokens
FNDA:0,Staking1155Base.withdrawRewardTokens
DA:84,0
FN:88,Staking1155Base.getRewardTokenBalance
FNDA:0,Staking1155Base.getRewardTokenBalance
DA:89,0
FN:96,Staking1155Base.onERC1155Received
FNDA:0,Staking1155Base.onERC1155Received
DA:103,0
BRDA:103,0,0,-
BRDA:103,0,1,-
DA:104,0
FN:107,Staking1155Base.onERC1155BatchReceived
FNDA:0,Staking1155Base.onERC1155BatchReceived
FN:115,Staking1155Base.supportsInterface
FNDA:0,Staking1155Base.supportsInterface
DA:116,0
FN:130,Staking1155Base._mintRewards
FNDA:0,Staking1155Base._mintRewards
DA:131,0
BRDA:131,1,0,-
BRDA:131,1,1,-
DA:132,0
DA:133,0
FN:147,Staking1155Base._depositRewardTokens
FNDA:0,Staking1155Base._depositRewardTokens
DA:148,0
BRDA:148,2,0,-
BRDA:148,2,1,-
DA:150,0
DA:152,0
DA:153,0
DA:160,0
DA:162,0
FN:166,Staking1155Base._withdrawRewardTokens
FNDA:0,Staking1155Base._withdrawRewardTokens
DA:167,0
BRDA:167,3,0,-
BRDA:167,3,1,-
DA:170,0
DA:172,0
FN:182,Staking1155Base._canSetStakeConditions
FNDA:0,Staking1155Base._canSetStakeConditions
DA:183,0
FN:187,Staking1155Base._canSetContractURI
FNDA:0,Staking1155Base._canSetContractURI
DA:188,0
FN:192,Staking1155Base._canSetOwner
FNDA:0,Staking1155Base._canSetOwner
DA:193,0
FNF:12
FNH:0
LF:21
LH:0
BRF:8
BRH:0
end_of_record
TN:
SF:contracts/base/Staking20Base.sol
FN:82,Staking20Base.depositRewardTokens
FNDA:0,Staking20Base.depositRewardTokens
DA:83,0
FN:87,Staking20Base.withdrawRewardTokens
FNDA:0,Staking20Base.withdrawRewardTokens
DA:88,0
FN:92,Staking20Base.getRewardTokenBalance
FNDA:0,Staking20Base.getRewardTokenBalance
DA:93,0
FN:107,Staking20Base._mintRewards
FNDA:0,Staking20Base._mintRewards
DA:108,0
BRDA:108,0,0,-
BRDA:108,0,1,-
DA:109,0
DA:110,0
FN:124,Staking20Base._depositRewardTokens
FNDA:0,Staking20Base._depositRewardTokens
DA:125,0
BRDA:125,1,0,-
BRDA:125,1,1,-
DA:127,0
DA:129,0
DA:130,0
DA:137,0
DA:139,0
FN:143,Staking20Base._withdrawRewardTokens
FNDA:0,Staking20Base._withdrawRewardTokens
DA:144,0
BRDA:144,2,0,-
BRDA:144,2,1,-
DA:147,0
DA:149,0
DA:158,0
DA:159,0
BRDA:159,3,0,-
BRDA:159,3,1,-
FN:166,Staking20Base._canSetStakeConditions
FNDA:0,Staking20Base._canSetStakeConditions
DA:167,0
FN:171,Staking20Base._canSetContractURI
FNDA:0,Staking20Base._canSetContractURI
DA:172,0
FN:176,Staking20Base._canSetOwner
FNDA:0,Staking20Base._canSetOwner
DA:177,0
FNF:9
FNH:0
LF:20
LH:0
BRF:8
BRH:0
end_of_record
TN:
SF:contracts/base/Staking721Base.sol
FN:78,Staking721Base.depositRewardTokens
FNDA:0,Staking721Base.depositRewardTokens
DA:79,0
FN:83,Staking721Base.withdrawRewardTokens
FNDA:0,Staking721Base.withdrawRewardTokens
DA:84,0
FN:88,Staking721Base.getRewardTokenBalance
FNDA:0,Staking721Base.getRewardTokenBalance
DA:89,0
FN:96,Staking721Base.onERC721Received
FNDA:0,Staking721Base.onERC721Received
DA:102,0
BRDA:102,0,0,-
BRDA:102,0,1,-
DA:103,0
FN:106,Staking721Base.supportsInterface
FNDA:0,Staking721Base.supportsInterface
DA:107,0
FN:121,Staking721Base._mintRewards
FNDA:0,Staking721Base._mintRewards
DA:122,0
BRDA:122,1,0,-
BRDA:122,1,1,-
DA:123,0
DA:124,0
FN:138,Staking721Base._depositRewardTokens
FNDA:0,Staking721Base._depositRewardTokens
DA:139,0
BRDA:139,2,0,-
BRDA:139,2,1,-
DA:141,0
DA:143,0
DA:144,0
DA:151,0
DA:153,0
FN:157,Staking721Base._withdrawRewardTokens
FNDA:0,Staking721Base._withdrawRewardTokens
DA:158,0
BRDA:158,3,0,-
BRDA:158,3,1,-
DA:161,0
DA:163,0
FN:173,Staking721Base._canSetStakeConditions
FNDA:0,Staking721Base._canSetStakeConditions
DA:174,0
FN:178,Staking721Base._canSetContractURI
FNDA:0,Staking721Base._canSetContractURI
DA:179,0
FN:183,Staking721Base._canSetOwner
FNDA:0,Staking721Base._canSetOwner
DA:184,0
FNF:11
FNH:0
LF:21
LH:0
BRF:8
BRH:0
end_of_record
TN:
SF:contracts/eip/ERC1155.sol
FN:39,ERC1155.supportsInterface
FNDA:0,ERC1155.supportsInterface
DA:40,0
DA:41,0
DA:42,0
DA:43,0
FN:46,ERC1155.uri
FNDA:0,ERC1155.uri
DA:47,0
FN:50,ERC1155.balanceOfBatch
FNDA:0,ERC1155.balanceOfBatch
DA:57,0
BRDA:57,0,0,-
BRDA:57,0,1,-
DA:59,0
DA:61,0
DA:62,0
DA:65,0
FN:72,ERC1155.setApprovalForAll
FNDA:0,ERC1155.setApprovalForAll
DA:73,0
DA:74,0
BRDA:74,1,0,-
BRDA:74,1,1,-
DA:75,0
DA:76,0
FN:79,ERC1155.safeTransferFrom
FNDA:0,ERC1155.safeTransferFrom
DA:86,0
BRDA:86,2,0,-
BRDA:86,2,1,-
DA:87,0
FN:90,ERC1155.safeBatchTransferFrom
FNDA:0,ERC1155.safeBatchTransferFrom
DA:97,0
BRDA:97,3,0,-
BRDA:97,3,1,-
DA:98,0
FN:105,ERC1155._safeTransferFrom
FNDA:0,ERC1155._safeTransferFrom
DA:112,0
BRDA:112,4,0,-
BRDA:112,4,1,-
DA:114,0
DA:116,0
DA:118,0
DA:119,0
BRDA:119,5,0,-
BRDA:119,5,1,-
DA:121,0
DA:123,0
DA:125,0
DA:127,0
FN:130,ERC1155._safeBatchTransferFrom
FNDA:0,ERC1155._safeBatchTransferFrom
DA:137,0
BRDA:137,6,0,-
BRDA:137,6,1,-
DA:138,0
BRDA:138,7,0,-
BRDA:138,7,1,-
DA:140,0
DA:142,0
DA:144,0
DA:145,0
DA:146,0
DA:148,0
DA:149,0
BRDA:149,8,0,-
BRDA:149,8,1,-
DA:151,0
DA:153,0
DA:156,0
DA:158,0
FN:161,ERC1155._setTokenURI
FNDA:8,ERC1155._setTokenURI
DA:162,8
FN:165,ERC1155._mint
FNDA:16,ERC1155._mint
DA:171,16
BRDA:171,9,0,-
BRDA:171,9,1,16
DA:173,16
DA:175,16
DA:177,16
DA:178,16
DA:180,16
FN:183,ERC1155._mintBatch
FNDA:9,ERC1155._mintBatch
DA:189,9
BRDA:189,10,0,-
BRDA:189,10,1,9
DA:190,9
BRDA:190,11,0,-
BRDA:190,11,1,9
DA:192,9
DA:194,9
DA:196,9
DA:197,28
DA:200,9
DA:202,9
FN:205,ERC1155._burn
FNDA:1,ERC1155._burn
DA:210,1
BRDA:210,12,0,-
BRDA:210,12,1,1
DA:212,1
DA:214,1
DA:216,1
DA:217,1
BRDA:217,13,0,-
BRDA:217,13,1,1
DA:219,1
DA:222,1
FN:225,ERC1155._burnBatch
FNDA:1,ERC1155._burnBatch
DA:230,1
BRDA:230,14,0,-
BRDA:230,14,1,1
DA:231,1
BRDA:231,15,0,-
BRDA:231,15,1,1
DA:233,1
DA:235,1
DA:237,1
DA:238,3
DA:239,3
DA:241,3
DA:242,3
BRDA:242,16,0,-
BRDA:242,16,1,3
DA:244,3
DA:248,1
FN:251,ERC1155._beforeTokenTransfer
FNDA:27,ERC1155._beforeTokenTransfer
FN:260,ERC1155._doSafeTransferAcceptanceCheck
FNDA:16,ERC1155._doSafeTransferAcceptanceCheck
DA:268,16
BRDA:268,17,0,-
BRDA:268,17,1,-
DA:269,0
FN:281,ERC1155._doSafeBatchTransferAcceptanceCheck
FNDA:9,ERC1155._doSafeBatchTransferAcceptanceCheck
DA:289,9
BRDA:289,18,0,-
BRDA:289,18,1,-
DA:290,0
FN:304,ERC1155._asSingletonArray
FNDA:34,ERC1155._asSingletonArray
DA:305,34
DA:306,34
DA:308,34
FNF:17
FNH:9
LF:80
LH:38
BRF:38
BRH:8
end_of_record
TN:
SF:contracts/eip/ERC165.sol
FN:26,ERC165.supportsInterface
FNDA:0,ERC165.supportsInterface
DA:27,0
FNF:1
FNH:0
LF:1
LH:0
BRF:0
BRH:0
end_of_record
TN:
SF:contracts/eip/ERC721A.sol
FN:62,ERC721A._startTokenId
FNDA:0,ERC721A._startTokenId
DA:63,0
FN:69,ERC721A.totalSupply
FNDA:0,ERC721A.totalSupply
DA:73,0
FN:80,ERC721A._totalMinted
FNDA:0,ERC721A._totalMinted
DA:84,0
FN:91,ERC721A.supportsInterface
FNDA:0,ERC721A.supportsInterface
DA:92,0
DA:93,0
DA:94,0
DA:95,0
FN:101,ERC721A.balanceOf
FNDA:0,ERC721A.balanceOf
DA:102,0
BRDA:102,0,0,-
BRDA:102,0,1,-
DA:103,0
FN:109,ERC721A._numberMinted
FNDA:0,ERC721A._numberMinted
DA:110,0
FN:116,ERC721A._numberBurned
FNDA:0,ERC721A._numberBurned
DA:117,0
FN:123,ERC721A._getAux
FNDA:0,ERC721A._getAux
DA:124,0
FN:131,ERC721A._setAux
FNDA:0,ERC721A._setAux
DA:132,0
FN:139,ERC721A._ownershipOf
FNDA:0,ERC721A._ownershipOf
DA:140,0
DA:143,0
BRDA:143,1,0,-
BRDA:143,1,1,-
DA:144,0
BRDA:144,2,0,-
BRDA:144,2,1,-
DA:145,0
DA:146,0
BRDA:146,3,0,-
BRDA:146,3,1,-
DA:147,0
BRDA:147,4,0,-
BRDA:147,4,1,-
DA:148,0
DA:155,0
DA:156,0
DA:157,0
BRDA:157,5,0,-
BRDA:157,5,1,-
DA:158,0
DA:164,0
FN:170,ERC721A.ownerOf
FNDA:0,ERC721A.ownerOf
DA:171,0
FN:177,ERC721A.name
FNDA:0,ERC721A.name
DA:178,0
FN:184,ERC721A.symbol
FNDA:0,ERC721A.symbol
DA:185,0
FN:191,ERC721A.tokenURI
FNDA:0,ERC721A.tokenURI
DA:192,0
BRDA:192,6,0,-
BRDA:192,6,1,-
DA:194,0
DA:195,0
FN:203,ERC721A._baseURI
FNDA:0,ERC721A._baseURI
DA:204,0
FN:210,ERC721A.approve
FNDA:0,ERC721A.approve
DA:211,0
DA:212,0
BRDA:212,7,0,-
BRDA:212,7,1,-
DA:214,0
BRDA:214,8,0,-
BRDA:214,8,1,-
DA:215,0
BRDA:215,9,0,-
BRDA:215,9,1,-
DA:216,0
DA:219,0
FN:225,ERC721A.getApproved
FNDA:0,ERC721A.getApproved
DA:226,0
BRDA:226,10,0,-
BRDA:226,10,1,-
DA:228,0
FN:234,ERC721A.setApprovalForAll
FNDA:0,ERC721A.setApprovalForAll
DA:235,0
BRDA:235,11,0,-
BRDA:235,11,1,-
DA:237,0
DA:238,0
FN:244,ERC721A.isApprovedForAll
FNDA:0,ERC721A.isApprovedForAll
DA:245,0
FN:251,ERC721A.transferFrom
FNDA:0,ERC721A.transferFrom
DA:256,0
FN:262,ERC721A.safeTransferFrom
FNDA:0,ERC721A.safeTransferFrom
DA:267,0
FN:273,ERC721A.safeTransferFrom
FNDA:0,ERC721A.safeTransferFrom
DA:279,0
DA:280,0
BRDA:280,12,0,-
BRDA:280,12,1,-
DA:281,0
BRDA:281,13,0,-
BRDA:281,13,1,-
DA:282,0
FN:293,ERC721A._exists
FNDA:0,ERC721A._exists
DA:294,0
FN:300,ERC721A._safeMint
FNDA:0,ERC721A._safeMint
DA:301,0
FN:315,ERC721A._safeMint
FNDA:0,ERC721A._safeMint
DA:320,0
DA:321,0
BRDA:321,14,0,-
BRDA:321,14,1,-
DA:322,0
BRDA:322,15,0,-
BRDA:322,15,1,-
DA:324,0
DA:330,0
DA:331,0
DA:333,0
DA:334,0
DA:336,0
DA:337,0
DA:339,0
BRDA:339,16,0,-
BRDA:339,16,1,-
DA:345,0
BRDA:342,17,0,-
BRDA:342,17,1,-
DA:347,0
BRDA:347,18,0,-
BRDA:347,18,1,-
DA:351,0
DA:353,0
DA:355,0
FN:368,ERC721A._mint
FNDA:0,ERC721A._mint
DA:369,0
DA:370,0
BRDA:370,19,0,-
BRDA:370,19,1,-
DA:371,0
BRDA:371,20,0,-
BRDA:371,20,1,-
DA:373,0
DA:379,0
DA:380,0
DA:382,0
DA:383,0
DA:385,0
DA:386,0
DA:390,0
DA:392,0
DA:394,0
FN:407,ERC721A._transfer
FNDA:0,ERC721A._transfer
DA:412,0
DA:414,0
BRDA:414,21,0,-
BRDA:414,21,1,-
DA:416,0
DA:420,0
BRDA:420,22,0,-
BRDA:420,22,1,-
DA:421,0
BRDA:421,23,0,-
BRDA:421,23,1,-
DA:423,0
DA:426,0
DA:432,0
DA:433,0
DA:435,0
DA:436,0
DA:437,0
DA:441,0
DA:442,0
DA:443,0
BRDA:443,24,0,-
BRDA:443,24,1,-
DA:446,0
BRDA:446,25,0,-
BRDA:446,25,1,-
DA:447,0
DA:448,0
DA:453,0
DA:454,0
FN:460,ERC721A._burn
FNDA:0,ERC721A._burn
DA:461,0
FN:474,ERC721A._burn
FNDA:0,ERC721A._burn
DA:475,0
DA:477,0
DA:479,0
BRDA:479,26,0,-
BRDA:479,26,1,-
DA:480,0
DA:484,0
BRDA:484,27,0,-
BRDA:484,27,1,-
DA:487,0
DA:490,0
DA:496,0
DA:497,0
DA:498,0
DA:501,0
DA:502,0
DA:503,0
DA:504,0
DA:508,0
DA:509,0
DA:510,0
BRDA:510,28,0,-
BRDA:510,28,1,-
DA:513,0
BRDA:513,29,0,-
BRDA:513,29,1,-
DA:514,0
DA:515,0
DA:520,0
DA:521,0
DA:525,0
FN:534,ERC721A._approve
FNDA:0,ERC721A._approve
DA:539,0
DA:540,0
FN:552,ERC721A._checkContractOnERC721Received
FNDA:0,ERC721A._checkContractOnERC721Received
DA:558,0
FN:586,ERC721A._beforeTokenTransfers
FNDA:0,ERC721A._beforeTokenTransfers
FN:609,ERC721A._afterTokenTransfers
FNDA:0,ERC721A._afterTokenTransfers
FNF:33
FNH:0
LF:128
LH:0
BRF:60
BRH:0
end_of_record
TN:
SF:contracts/eip/ERC721AUpgradeable.sol
FN:62,ERC721AUpgradeable.__ERC721A_init
FNDA:0,ERC721AUpgradeable.__ERC721A_init
DA:63,0
FN:66,ERC721AUpgradeable.__ERC721A_init_unchained
FNDA:0,ERC721AUpgradeable.__ERC721A_init_unchained
DA:67,0
DA:69,0
DA:70,0
DA:71,0
FN:77,ERC721AUpgradeable._startTokenId
FNDA:1,ERC721AUpgradeable._startTokenId
DA:78,0
FN:84,ERC721AUpgradeable.totalSupply
FNDA:0,ERC721AUpgradeable.totalSupply
DA:85,0
DA:90,0
FN:97,ERC721AUpgradeable._totalMinted
FNDA:0,ERC721AUpgradeable._totalMinted
DA:98,0
DA:102,0
FN:109,ERC721AUpgradeable.supportsInterface
FNDA:0,ERC721AUpgradeable.supportsInterface
DA:110,0
DA:111,0
DA:112,0
DA:113,0
FN:119,ERC721AUpgradeable.balanceOf
FNDA:6,ERC721AUpgradeable.balanceOf
DA:120,6
DA:121,6
BRDA:121,0,0,-
BRDA:121,0,1,6
DA:122,6
FN:128,ERC721AUpgradeable._numberMinted
FNDA:0,ERC721AUpgradeable._numberMinted
DA:129,0
DA:130,0
FN:136,ERC721AUpgradeable._numberBurned
FNDA:0,ERC721AUpgradeable._numberBurned
DA:137,0
DA:138,0
FN:144,ERC721AUpgradeable._getAux
FNDA:0,ERC721AUpgradeable._getAux
DA:145,0
DA:146,0
FN:153,ERC721AUpgradeable._setAux
FNDA:0,ERC721AUpgradeable._setAux
DA:154,0
DA:155,0
FN:162,ERC721AUpgradeable._ownershipOf
FNDA:1,ERC721AUpgradeable._ownershipOf
DA:163,1
DA:165,1
DA:168,1
BRDA:168,1,0,-
BRDA:168,1,1,-
DA:169,1
BRDA:169,2,0,-
BRDA:169,2,1,-
DA:170,1
DA:171,1
BRDA:171,3,0,-
BRDA:171,3,1,-
DA:172,1
BRDA:172,4,0,1
BRDA:172,4,1,-
DA:173,1
DA:180,0
DA:181,0
DA:182,0
BRDA:182,5,0,-
BRDA:182,5,1,-
DA:183,0
DA:189,0
FN:195,ERC721AUpgradeable.ownerOf
FNDA:0,ERC721AUpgradeable.ownerOf
DA:196,0
FN:202,ERC721AUpgradeable.name
FNDA:0,ERC721AUpgradeable.name
DA:203,0
DA:204,0
FN:210,ERC721AUpgradeable.symbol
FNDA:0,ERC721AUpgradeable.symbol
DA:211,0
DA:212,0
FN:218,ERC721AUpgradeable.tokenURI
FNDA:0,ERC721AUpgradeable.tokenURI
DA:219,0
BRDA:219,6,0,-
BRDA:219,6,1,-
DA:221,0
DA:222,0
FN:230,ERC721AUpgradeable._baseURI
FNDA:0,ERC721AUpgradeable._baseURI
DA:231,0
FN:237,ERC721AUpgradeable.approve
FNDA:0,ERC721AUpgradeable.approve
DA:238,0
DA:239,0
BRDA:239,7,0,-
BRDA:239,7,1,-
DA:241,0
BRDA:241,8,0,-
BRDA:241,8,1,-
DA:242,0
BRDA:242,9,0,-
BRDA:242,9,1,-
DA:243,0
DA:246,0
FN:252,ERC721AUpgradeable.getApproved
FNDA:0,ERC721AUpgradeable.getApproved
DA:253,0
DA:255,0
BRDA:255,10,0,-
BRDA:255,10,1,-
DA:257,0
FN:263,ERC721AUpgradeable.setApprovalForAll
FNDA:0,ERC721AUpgradeable.setApprovalForAll
DA:264,0
DA:266,0
BRDA:266,11,0,-
BRDA:266,11,1,-
DA:268,0
DA:269,0
FN:275,ERC721AUpgradeable.isApprovedForAll
FNDA:0,ERC721AUpgradeable.isApprovedForAll
DA:276,0
DA:277,0
FN:283,ERC721AUpgradeable.transferFrom
FNDA:1,ERC721AUpgradeable.transferFrom
DA:288,1
FN:294,ERC721AUpgradeable.safeTransferFrom
FNDA:0,ERC721AUpgradeable.safeTransferFrom
DA:299,0
FN:305,ERC721AUpgradeable.safeTransferFrom
FNDA:0,ERC721AUpgradeable.safeTransferFrom
DA:311,0
DA:312,0
BRDA:312,12,0,-
BRDA:312,12,1,-
DA:313,0
BRDA:313,13,0,-
BRDA:313,13,1,-
DA:314,0
FN:325,ERC721AUpgradeable._exists
FNDA:0,ERC721AUpgradeable._exists
DA:326,0
DA:327,0
FN:333,ERC721AUpgradeable._safeMint
FNDA:527,ERC721AUpgradeable._safeMint
DA:334,527
FN:348,ERC721AUpgradeable._safeMint
FNDA:527,ERC721AUpgradeable._safeMint
DA:353,527
DA:355,527
DA:356,527
BRDA:356,14,0,-
BRDA:356,14,1,527
DA:357,527
BRDA:357,15,0,-
BRDA:357,15,1,527
DA:359,527
DA:365,527
DA:366,527
DA:368,527
DA:369,527
DA:371,527
DA:372,527
DA:374,527
BRDA:374,16,0,-
BRDA:374,16,1,-
DA:380,0
BRDA:377,17,0,-
BRDA:377,17,1,-
DA:382,0
BRDA:382,18,0,-
BRDA:382,18,1,-
DA:386,48981
DA:388,527
DA:390,527
FN:403,ERC721AUpgradeable._mint
FNDA:0,ERC721AUpgradeable._mint
DA:404,0
DA:406,0
DA:407,0
BRDA:407,19,0,-
BRDA:407,19,1,-
DA:408,0
BRDA:408,20,0,-
BRDA:408,20,1,-
DA:410,0
DA:416,0
DA:417,0
DA:419,0
DA:420,0
DA:422,0
DA:423,0
DA:427,0
DA:429,0
DA:431,0
FN:444,ERC721AUpgradeable._transfer
FNDA:1,ERC721AUpgradeable._transfer
DA:449,1
DA:451,1
DA:453,1
BRDA:453,21,0,-
BRDA:453,21,1,1
DA:455,1
DA:459,1
BRDA:459,22,0,-
BRDA:459,22,1,1
DA:460,1
BRDA:460,23,0,-
BRDA:460,23,1,1
DA:462,1
DA:465,0
DA:471,0
DA:472,0
DA:474,0
DA:475,0
DA:476,0
DA:480,0
DA:481,0
DA:482,0
BRDA:482,24,0,-
BRDA:482,24,1,-
DA:485,0
BRDA:485,25,0,-
BRDA:485,25,1,-
DA:486,0
DA:487,0
DA:492,0
DA:493,0
FN:499,ERC721AUpgradeable._burn
FNDA:0,ERC721AUpgradeable._burn
DA:500,0
FN:513,ERC721AUpgradeable._burn
FNDA:0,ERC721AUpgradeable._burn
DA:514,0
DA:516,0
DA:518,0
DA:520,0
BRDA:520,26,0,-
BRDA:520,26,1,-
DA:521,0
DA:525,0
BRDA:525,27,0,-
BRDA:525,27,1,-
DA:528,0
DA:531,0
DA:537,0
DA:538,0
DA:539,0
DA:542,0
DA:543,0
DA:544,0
DA:545,0
DA:549,0
DA:550,0
DA:551,0
BRDA:551,28,0,-
BRDA:551,28,1,-
DA:554,0
BRDA:554,29,0,-
BRDA:554,29,1,-
DA:555,0
DA:556,0
DA:561,0
DA:562,0
DA:566,0
FN:575,ERC721AUpgradeable._approve
FNDA:0,ERC721AUpgradeable._approve
DA:580,0
DA:581,0
DA:582,0
FN:594,ERC721AUpgradeable._checkContractOnERC721Received
FNDA:0,ERC721AUpgradeable._checkContractOnERC721Received
DA:600,0
FN:628,ERC721AUpgradeable._beforeTokenTransfers
FNDA:528,ERC721AUpgradeable._beforeTokenTransfers
FN:651,ERC721AUpgradeable._afterTokenTransfers
FNDA:527,ERC721AUpgradeable._afterTokenTransfers
FN:40,ERC721AStorage.erc721AStorage
FNDA:2880,ERC721AStorage.erc721AStorage
DA:41,2880
DA:43,2880
FNF:36
FNH:10
LF:154
LH:37
BRF:60
BRH:7
end_of_record
TN:
SF:contracts/eip/ERC721AVirtualApprove.sol
FN:64,ERC721A._startTokenId
FNDA:193,ERC721A._startTokenId
DA:65,0
FN:71,ERC721A.totalSupply
FNDA:22,ERC721A.totalSupply
DA:75,22
FN:82,ERC721A._totalMinted
FNDA:0,ERC721A._totalMinted
DA:86,0
FN:93,ERC721A.supportsInterface
FNDA:0,ERC721A.supportsInterface
DA:94,0
DA:95,0
DA:96,0
DA:97,0
FN:103,ERC721A.balanceOf
FNDA:22,ERC721A.balanceOf
DA:104,22
BRDA:104,0,0,-
BRDA:104,0,1,22
DA:105,22
FN:111,ERC721A._numberMinted
FNDA:0,ERC721A._numberMinted
DA:112,0
FN:118,ERC721A._numberBurned
FNDA:0,ERC721A._numberBurned
DA:119,0
FN:125,ERC721A._getAux
FNDA:0,ERC721A._getAux
DA:126,0
FN:133,ERC721A._setAux
FNDA:0,ERC721A._setAux
DA:134,0
FN:141,ERC721A._ownershipOf
FNDA:162,ERC721A._ownershipOf
DA:142,162
DA:145,162
BRDA:145,1,0,130
BRDA:145,1,1,4965
DA:146,162
BRDA:146,2,0,130
BRDA:146,2,1,4965
DA:147,162
DA:148,162
BRDA:148,3,0,130
BRDA:148,3,1,4965
DA:149,160
BRDA:149,4,0,30
BRDA:149,4,1,130
DA:150,30
DA:157,5095
DA:158,5095
DA:159,5095
BRDA:159,5,0,130
BRDA:159,5,1,4965
DA:160,130
DA:166,2
FN:172,ERC721A.ownerOf
FNDA:147,ERC721A.ownerOf
DA:173,151
FN:179,ERC721A.name
FNDA:0,ERC721A.name
DA:180,0
FN:186,ERC721A.symbol
FNDA:0,ERC721A.symbol
DA:187,0
FN:193,ERC721A.tokenURI
FNDA:0,ERC721A.tokenURI
DA:194,0
BRDA:194,6,0,-
BRDA:194,6,1,-
DA:196,0
DA:197,0
FN:205,ERC721A._baseURI
FNDA:0,ERC721A._baseURI
DA:206,0
FN:212,ERC721A.approve
FNDA:1,ERC721A.approve
DA:213,1
DA:214,1
BRDA:214,7,0,-
BRDA:214,7,1,1
DA:216,1
BRDA:216,8,0,-
BRDA:216,8,1,-
DA:217,0
BRDA:217,9,0,-
BRDA:217,9,1,-
DA:218,0
DA:221,1
FN:227,ERC721A.getApproved
FNDA:6,ERC721A.getApproved
DA:228,9
BRDA:228,10,0,-
BRDA:228,10,1,9
DA:230,9
FN:236,ERC721A.setApprovalForAll
FNDA:7,ERC721A.setApprovalForAll
DA:237,7
BRDA:237,11,0,-
BRDA:237,11,1,7
DA:239,7
DA:240,7
FN:246,ERC721A.isApprovedForAll
FNDA:6,ERC721A.isApprovedForAll
DA:247,16
FN:253,ERC721A.transferFrom
FNDA:0,ERC721A.transferFrom
DA:258,0
FN:264,ERC721A.safeTransferFrom
FNDA:0,ERC721A.safeTransferFrom
DA:269,0
FN:275,ERC721A.safeTransferFrom
FNDA:8,ERC721A.safeTransferFrom
DA:281,8
DA:282,8
BRDA:282,12,0,-
BRDA:282,12,1,2
DA:283,2
BRDA:283,13,0,-
BRDA:283,13,1,2
DA:284,0
FN:295,ERC721A._exists
FNDA:9,ERC721A._exists
DA:296,9
FN:302,ERC721A._safeMint
FNDA:8,ERC721A._safeMint
DA:303,8
FN:317,ERC721A._safeMint
FNDA:22,ERC721A._safeMint
DA:322,22
DA:323,22
BRDA:323,14,0,2
BRDA:323,14,1,20
DA:324,20
BRDA:324,15,0,-
BRDA:324,15,1,20
DA:326,20
DA:332,20
DA:333,20
DA:335,20
DA:336,20
DA:338,20
DA:339,20
DA:341,20
BRDA:341,16,0,-
BRDA:341,16,1,-
DA:347,0
BRDA:344,17,0,-
BRDA:344,17,1,-
DA:349,0
BRDA:349,18,0,-
BRDA:349,18,1,-
DA:353,150
DA:355,20
DA:357,20
FN:370,ERC721A._mint
FNDA:0,ERC721A._mint
DA:371,0
DA:372,0
BRDA:372,19,0,-
BRDA:372,19,1,-
DA:373,0
BRDA:373,20,0,-
BRDA:373,20,1,-
DA:375,0
DA:381,0
DA:382,0
DA:384,0
DA:385,0
DA:387,0
DA:388,0
DA:392,0
DA:394,0
DA:396,0
FN:409,ERC721A._transfer
FNDA:8,ERC721A._transfer
DA:414,8
DA:416,8
BRDA:416,21,0,-
BRDA:416,21,1,8
DA:418,8
DA:422,8
BRDA:422,22,0,-
BRDA:422,22,1,8
DA:423,8
BRDA:423,23,0,-
BRDA:423,23,1,8
DA:425,8
DA:428,8
DA:434,8
DA:435,8
DA:437,8
DA:438,8
DA:439,8
DA:443,8
DA:444,8
DA:445,8
BRDA:445,24,0,-
BRDA:445,24,1,8
DA:448,8
BRDA:448,25,0,-
BRDA:448,25,1,8
DA:449,0
DA:450,0
DA:455,8
DA:456,8
FN:462,ERC721A._burn
FNDA:0,ERC721A._burn
DA:463,0
FN:476,ERC721A._burn
FNDA:3,ERC721A._burn
DA:477,3
DA:479,3
DA:481,3
BRDA:481,26,0,1
BRDA:481,26,1,2
DA:482,3
DA:486,3
BRDA:486,27,0,1
BRDA:486,27,1,2
DA:489,2
DA:492,2
DA:498,2
DA:499,2
DA:500,2
DA:503,2
DA:504,2
DA:505,2
DA:506,2
DA:510,2
DA:511,2
DA:512,2
BRDA:512,28,0,-
BRDA:512,28,1,2
DA:515,2
BRDA:515,29,0,-
BRDA:515,29,1,2
DA:516,0
DA:517,0
DA:522,2
DA:523,2
DA:527,2
FN:536,ERC721A._approve
FNDA:11,ERC721A._approve
DA:541,11
DA:542,11
FN:554,ERC721A._checkContractOnERC721Received
FNDA:2,ERC721A._checkContractOnERC721Received
DA:560,2
FN:588,ERC721A._beforeTokenTransfers
FNDA:30,ERC721A._beforeTokenTransfers
FN:611,ERC721A._afterTokenTransfers
FNDA:30,ERC721A._afterTokenTransfers
FNF:33
FNH:19
LF:128
LH:87
BRF:60
BRH:30
end_of_record
TN:
SF:contracts/eip/ERC721AVirtualApproveUpgradeable.sol
FN:56,ERC721AUpgradeable.__ERC721A_init
FNDA:0,ERC721AUpgradeable.__ERC721A_init
DA:57,0
FN:60,ERC721AUpgradeable.__ERC721A_init_unchained
FNDA:0,ERC721AUpgradeable.__ERC721A_init_unchained
DA:61,0
DA:62,0
DA:63,0
FN:69,ERC721AUpgradeable._startTokenId
FNDA:19,ERC721AUpgradeable._startTokenId
DA:70,0
FN:76,ERC721AUpgradeable.totalSupply
FNDA:8,ERC721AUpgradeable.totalSupply
DA:80,8
FN:87,ERC721AUpgradeable._totalMinted
FNDA:0,ERC721AUpgradeable._totalMinted
DA:91,0
FN:98,ERC721AUpgradeable.supportsInterface
FNDA:0,ERC721AUpgradeable.supportsInterface
DA:105,0
DA:106,0
DA:107,0
DA:108,0
FN:114,ERC721AUpgradeable.balanceOf
FNDA:8,ERC721AUpgradeable.balanceOf
DA:115,8
BRDA:115,0,0,-
BRDA:115,0,1,8
DA:116,8
FN:122,ERC721AUpgradeable._numberMinted
FNDA:0,ERC721AUpgradeable._numberMinted
DA:123,0
FN:129,ERC721AUpgradeable._numberBurned
FNDA:0,ERC721AUpgradeable._numberBurned
DA:130,0
FN:136,ERC721AUpgradeable._getAux
FNDA:0,ERC721AUpgradeable._getAux
DA:137,0
FN:144,ERC721AUpgradeable._setAux
FNDA:0,ERC721AUpgradeable._setAux
DA:145,0
FN:152,ERC721AUpgradeable._ownershipOf
FNDA:11,ERC721AUpgradeable._ownershipOf
DA:153,11
DA:156,11
BRDA:156,1,0,-
BRDA:156,1,1,-
DA:157,11
BRDA:157,2,0,-
BRDA:157,2,1,-
DA:158,11
DA:159,11
BRDA:159,3,0,-
BRDA:159,3,1,-
DA:160,9
BRDA:160,4,0,9
BRDA:160,4,1,-
DA:161,9
DA:168,0
DA:169,0
DA:170,0
BRDA:170,5,0,-
BRDA:170,5,1,-
DA:171,0
DA:177,2
FN:183,ERC721AUpgradeable.ownerOf
FNDA:8,ERC721AUpgradeable.ownerOf
DA:184,8
FN:190,ERC721AUpgradeable.name
FNDA:0,ERC721AUpgradeable.name
DA:191,0
FN:197,ERC721AUpgradeable.symbol
FNDA:0,ERC721AUpgradeable.symbol
DA:198,0
FN:204,ERC721AUpgradeable.tokenURI
FNDA:0,ERC721AUpgradeable.tokenURI
DA:205,0
BRDA:205,6,0,-
BRDA:205,6,1,-
DA:207,0
DA:208,0
FN:216,ERC721AUpgradeable._baseURI
FNDA:0,ERC721AUpgradeable._baseURI
DA:217,0
FN:223,ERC721AUpgradeable.approve
FNDA:0,ERC721AUpgradeable.approve
DA:224,0
DA:225,0
BRDA:225,7,0,-
BRDA:225,7,1,-
DA:227,0
BRDA:227,8,0,-
BRDA:227,8,1,-
DA:228,0
BRDA:228,9,0,-
BRDA:228,9,1,-
DA:229,0
DA:232,0
FN:238,ERC721AUpgradeable.getApproved
FNDA:0,ERC721AUpgradeable.getApproved
DA:239,0
BRDA:239,10,0,-
BRDA:239,10,1,-
DA:241,0
FN:247,ERC721AUpgradeable.setApprovalForAll
FNDA:1,ERC721AUpgradeable.setApprovalForAll
DA:248,1
BRDA:248,11,0,-
BRDA:248,11,1,1
DA:250,1
DA:251,1
FN:257,ERC721AUpgradeable.isApprovedForAll
FNDA:0,ERC721AUpgradeable.isApprovedForAll
DA:258,1
FN:264,ERC721AUpgradeable.transferFrom
FNDA:1,ERC721AUpgradeable.transferFrom
DA:269,1
FN:275,ERC721AUpgradeable.safeTransferFrom
FNDA:0,ERC721AUpgradeable.safeTransferFrom
DA:280,0
FN:286,ERC721AUpgradeable.safeTransferFrom
FNDA:0,ERC721AUpgradeable.safeTransferFrom
DA:292,0
DA:293,0
BRDA:293,12,0,-
BRDA:293,12,1,-
DA:294,0
BRDA:294,13,0,-
BRDA:294,13,1,-
DA:295,0
FN:306,ERC721AUpgradeable._exists
FNDA:0,ERC721AUpgradeable._exists
DA:307,0
FN:313,ERC721AUpgradeable._safeMint
FNDA:530,ERC721AUpgradeable._safeMint
DA:314,530
FN:328,ERC721AUpgradeable._safeMint
FNDA:530,ERC721AUpgradeable._safeMint
DA:333,530
DA:334,530
BRDA:334,14,0,-
BRDA:334,14,1,530
DA:335,530
BRDA:335,15,0,-
BRDA:335,15,1,530
DA:337,530
DA:343,530
DA:344,530
DA:346,530
DA:347,530
DA:349,530
DA:350,530
DA:352,530
BRDA:352,16,0,-
BRDA:352,16,1,-
DA:358,0
BRDA:355,17,0,-
BRDA:355,17,1,-
DA:360,0
BRDA:360,18,0,-
BRDA:360,18,1,-
DA:364,44412
DA:366,530
DA:368,530
FN:381,ERC721AUpgradeable._mint
FNDA:0,ERC721AUpgradeable._mint
DA:382,0
DA:383,0
BRDA:383,19,0,-
BRDA:383,19,1,-
DA:384,0
BRDA:384,20,0,-
BRDA:384,20,1,-
DA:386,0
DA:392,0
DA:393,0
DA:395,0
DA:396,0
DA:398,0
DA:399,0
DA:403,0
DA:405,0
DA:407,0
FN:420,ERC721AUpgradeable._transfer
FNDA:1,ERC721AUpgradeable._transfer
DA:425,1
DA:427,1
BRDA:427,21,0,-
BRDA:427,21,1,1
DA:429,1
DA:433,1
BRDA:433,22,0,-
BRDA:433,22,1,1
DA:434,1
BRDA:434,23,0,-
BRDA:434,23,1,1
DA:436,1
DA:439,0
DA:445,0
DA:446,0
DA:448,0
DA:449,0
DA:450,0
DA:454,0
DA:455,0
DA:456,0
BRDA:456,24,0,-
BRDA:456,24,1,-
DA:459,0
BRDA:459,25,0,-
BRDA:459,25,1,-
DA:460,0
DA:461,0
DA:466,0
DA:467,0
FN:473,ERC721AUpgradeable._burn
FNDA:1,ERC721AUpgradeable._burn
DA:474,1
FN:487,ERC721AUpgradeable._burn
FNDA:2,ERC721AUpgradeable._burn
DA:488,2
DA:490,2
DA:492,2
BRDA:492,26,0,-
BRDA:492,26,1,1
DA:493,1
DA:497,1
BRDA:497,27,0,-
BRDA:497,27,1,1
DA:500,2
DA:503,2
DA:509,2
DA:510,2
DA:511,2
DA:514,2
DA:515,2
DA:516,2
DA:517,2
DA:521,2
DA:522,2
DA:523,2
BRDA:523,28,0,-
BRDA:523,28,1,2
DA:526,2
BRDA:526,29,0,-
BRDA:526,29,1,2
DA:527,0
DA:528,0
DA:533,2
DA:534,2
DA:538,2
FN:547,ERC721AUpgradeable._approve
FNDA:2,ERC721AUpgradeable._approve
DA:552,2
DA:553,2
FN:565,ERC721AUpgradeable._checkContractOnERC721Received
FNDA:0,ERC721AUpgradeable._checkContractOnERC721Received
DA:571,0
FN:601,ERC721AUpgradeable._beforeTokenTransfers
FNDA:533,ERC721AUpgradeable._beforeTokenTransfers
FN:624,ERC721AUpgradeable._afterTokenTransfers
FNDA:532,ERC721AUpgradeable._afterTokenTransfers
FNF:35
FNH:15
LF:132
LH:62
BRF:60
BRH:12
end_of_record
TN:
SF:contracts/eip/queryable/ERC721AQueryableUpgradeable.sol
FN:21,ERC721AQueryableUpgradeable.__ERC721AQueryable_init
FNDA:0,ERC721AQueryableUpgradeable.__ERC721AQueryable_init
DA:22,0
FN:25,ERC721AQueryableUpgradeable.__ERC721AQueryable_init_unchained
FNDA:0,ERC721AQueryableUpgradeable.__ERC721AQueryable_init_unchained
FN:51,ERC721AQueryableUpgradeable.explicitOwnershipOf
FNDA:0,ERC721AQueryableUpgradeable.explicitOwnershipOf
DA:59,0
BRDA:59,0,0,-
BRDA:59,0,1,-
DA:60,0
BRDA:60,1,0,-
BRDA:60,1,1,-
DA:63,0
DA:64,0
FN:82,ERC721AQueryableUpgradeable.tokensOfOwnerIn
FNDA:0,ERC721AQueryableUpgradeable.tokensOfOwnerIn
DA:87,0
FN:100,ERC721AQueryableUpgradeable.tokensOfOwner
FNDA:0,ERC721AQueryableUpgradeable.tokensOfOwner
DA:101,0
DA:102,0
DA:103,0
DA:104,0
BRDA:104,2,0,-
BRDA:104,2,1,-
DA:105,0
FN:114,ERC721AQueryableUpgradeable._tokensOfOwnerIn
FNDA:0,ERC721AQueryableUpgradeable._tokensOfOwnerIn
DA:120,0
BRDA:120,3,0,-
BRDA:120,3,1,-
DA:122,0
BRDA:122,4,0,-
BRDA:122,4,1,-
DA:123,0
DA:125,0
DA:127,0
BRDA:127,5,0,-
BRDA:127,5,1,-
DA:128,0
DA:130,0
DA:131,0
DA:132,0
DA:135,0
DA:137,0
BRDA:137,6,0,-
BRDA:137,6,1,-
DA:140,0
BRDA:140,7,0,-
BRDA:140,7,1,-
DA:141,0
DA:145,0
DA:152,0
DA:153,0
DA:158,0
BRDA:158,8,0,-
BRDA:158,8,1,-
DA:159,0
DA:161,0
DA:192,0
DA:198,0
FNF:6
FNH:0
LF:32
LH:0
BRF:18
BRH:0
end_of_record
TN:
SF:contracts/eip/queryable/ERC721AStorage.sol
FN:51,ERC721AStorage.layout
FNDA:0,ERC721AStorage.layout
DA:52,0
DA:54,0
FNF:1
FNH:0
LF:2
LH:0
BRF:0
BRH:0
end_of_record
TN:
SF:contracts/eip/queryable/ERC721AUpgradeable.sol
FN:96,ERC721AUpgradeable.__ERC721A_init
FNDA:0,ERC721AUpgradeable.__ERC721A_init
DA:97,0
FN:100,ERC721AUpgradeable.__ERC721A_init_unchained
FNDA:0,ERC721AUpgradeable.__ERC721A_init_unchained
DA:101,0
DA:102,0
DA:103,0
FN:114,ERC721AUpgradeable._startTokenId
FNDA:0,ERC721AUpgradeable._startTokenId
DA:115,0
FN:121,ERC721AUpgradeable._nextTokenId
FNDA:1046,ERC721AUpgradeable._nextTokenId
DA:122,1046
FN:130,ERC721AUpgradeable.totalSupply
FNDA:0,ERC721AUpgradeable.totalSupply
DA:134,0
FN:141,ERC721AUpgradeable._totalMinted
FNDA:0,ERC721AUpgradeable._totalMinted
DA:145,0
FN:152,ERC721AUpgradeable._totalBurned
FNDA:0,ERC721AUpgradeable._totalBurned
DA:153,0
FN:163,ERC721AUpgradeable.balanceOf
FNDA:0,ERC721AUpgradeable.balanceOf
DA:164,0
BRDA:164,0,0,-
BRDA:164,0,1,-
DA:165,0
FN:171,ERC721AUpgradeable._numberMinted
FNDA:0,ERC721AUpgradeable._numberMinted
DA:172,0
DA:173,0
FN:179,ERC721AUpgradeable._numberBurned
FNDA:0,ERC721AUpgradeable._numberBurned
DA:180,0
DA:181,0
FN:187,ERC721AUpgradeable._getAux
FNDA:0,ERC721AUpgradeable._getAux
DA:188,0
FN:195,ERC721AUpgradeable._setAux
FNDA:0,ERC721AUpgradeable._setAux
DA:196,0
DA:197,0
DA:200,0
DA:202,0
DA:203,0
FN:218,ERC721AUpgradeable.supportsInterface
FNDA:0,ERC721AUpgradeable.supportsInterface
DA:223,0
DA:224,0
DA:225,0
DA:226,0
FN:236,ERC721AUpgradeable.name
FNDA:0,ERC721AUpgradeable.name
DA:237,0
FN:243,ERC721AUpgradeable.symbol
FNDA:0,ERC721AUpgradeable.symbol
DA:244,0
FN:250,ERC721AUpgradeable.tokenURI
FNDA:0,ERC721AUpgradeable.tokenURI
DA:251,0
BRDA:251,1,0,-
BRDA:251,1,1,-
DA:253,0
DA:254,0
FN:262,ERC721AUpgradeable._baseURI
FNDA:0,ERC721AUpgradeable._baseURI
DA:263,0
FN:277,ERC721AUpgradeable.ownerOf
FNDA:0,ERC721AUpgradeable.ownerOf
DA:278,6
FN:285,ERC721AUpgradeable._ownershipOf
FNDA:0,ERC721AUpgradeable._ownershipOf
DA:286,0
FN:292,ERC721AUpgradeable._ownershipAt
FNDA:0,ERC721AUpgradeable._ownershipAt
DA:293,0
FN:300,ERC721AUpgradeable._ownershipIsInitialized
FNDA:0,ERC721AUpgradeable._ownershipIsInitialized
DA:301,0
FN:307,ERC721AUpgradeable._initializeOwnershipAt
FNDA:0,ERC721AUpgradeable._initializeOwnershipAt
DA:308,0
BRDA:308,2,0,-
BRDA:308,2,1,-
DA:309,0
FN:316,ERC721AUpgradeable._packedOwnershipOf
FNDA:8,ERC721AUpgradeable._packedOwnershipOf
DA:317,8
BRDA:317,3,0,8
BRDA:317,3,1,-
DA:318,8
DA:320,8
BRDA:320,4,0,-
BRDA:320,4,1,-
DA:321,0
BRDA:321,5,0,-
BRDA:321,5,1,-
DA:333,0
DA:335,0
BRDA:335,6,0,-
BRDA:335,6,1,-
DA:336,0
BRDA:336,7,0,-
BRDA:336,7,1,-
DA:340,0
DA:347,8
BRDA:347,8,0,8
BRDA:347,8,1,-
DA:349,0
FN:355,ERC721AUpgradeable._unpackedOwnership
FNDA:0,ERC721AUpgradeable._unpackedOwnership
DA:356,0
DA:357,0
DA:358,0
DA:359,0
FN:365,ERC721AUpgradeable._packOwnershipData
FNDA:1046,ERC721AUpgradeable._packOwnershipData
DA:368,1046
DA:370,1046
FN:377,ERC721AUpgradeable._nextInitializedFlag
FNDA:1046,ERC721AUpgradeable._nextInitializedFlag
DA:381,1046
FN:396,ERC721AUpgradeable.approve
FNDA:0,ERC721AUpgradeable.approve
DA:397,0
FN:407,ERC721AUpgradeable.getApproved
FNDA:0,ERC721AUpgradeable.getApproved
DA:408,0
BRDA:408,9,0,-
BRDA:408,9,1,-
DA:410,0
FN:424,ERC721AUpgradeable.setApprovalForAll
FNDA:0,ERC721AUpgradeable.setApprovalForAll
DA:425,0
DA:426,0
FN:434,ERC721AUpgradeable.isApprovedForAll
FNDA:0,ERC721AUpgradeable.isApprovedForAll
DA:435,0
FN:445,ERC721AUpgradeable._exists
FNDA:7,ERC721AUpgradeable._exists
DA:446,7
BRDA:446,10,0,-
BRDA:446,10,1,7
DA:447,7
BRDA:447,11,0,-
BRDA:447,11,1,7
DA:448,7
DA:449,7
DA:450,7
FN:458,ERC721AUpgradeable._isSenderApprovedOrOwner
FNDA:2,ERC721AUpgradeable._isSenderApprovedOrOwner
DA:465,2
DA:467,2
DA:469,2
FN:476,ERC721AUpgradeable._getApprovedSlotAndAddress
FNDA:2,ERC721AUpgradeable._getApprovedSlotAndAddress
DA:481,2
DA:484,2
DA:485,2
FN:506,ERC721AUpgradeable.transferFrom
FNDA:2,ERC721AUpgradeable.transferFrom
DA:511,2
DA:514,2
DA:516,2
BRDA:516,12,0,-
BRDA:516,12,1,2
DA:518,2
DA:521,2
BRDA:521,13,0,-
BRDA:521,13,1,-
DA:522,0
BRDA:522,14,0,-
BRDA:522,14,1,-
DA:524,2
DA:528,0
BRDA:528,15,0,-
DA:539,0
DA:540,0
DA:547,0
DA:553,0
BRDA:553,16,0,-
BRDA:553,16,1,-
DA:554,0
DA:556,0
BRDA:556,17,0,-
BRDA:556,17,1,-
DA:558,0
BRDA:558,18,0,-
BRDA:558,18,1,-
DA:560,0
DA:567,0
DA:579,0
BRDA:579,19,0,-
BRDA:579,19,1,-
DA:581,0
FN:587,ERC721AUpgradeable.safeTransferFrom
FNDA:0,ERC721AUpgradeable.safeTransferFrom
DA:592,0
FN:610,ERC721AUpgradeable.safeTransferFrom
FNDA:0,ERC721AUpgradeable.safeTransferFrom
DA:616,0
DA:617,0
BRDA:617,20,0,-
BRDA:617,20,1,-
DA:618,0
BRDA:618,21,0,-
BRDA:618,21,1,-
DA:619,0
FN:639,ERC721AUpgradeable._beforeTokenTransfers
FNDA:1048,ERC721AUpgradeable._beforeTokenTransfers
FN:662,ERC721AUpgradeable._afterTokenTransfers
FNDA:1046,ERC721AUpgradeable._afterTokenTransfers
FN:679,ERC721AUpgradeable._checkContractOnERC721Received
FNDA:0,ERC721AUpgradeable._checkContractOnERC721Received
DA:686,0
FN:713,ERC721AUpgradeable._mint
FNDA:1046,ERC721AUpgradeable._mint
DA:714,1046
DA:715,1046
BRDA:715,22,0,-
BRDA:715,22,1,1046
DA:717,1046
DA:728,1046
DA:738,1046
DA:741,1046
DA:743,1046
BRDA:743,23,0,-
BRDA:743,23,1,1046
DA:745,1046
DA:746,1046
DA:762,102969
DA:764,1046
DA:766,1046
FN:790,ERC721AUpgradeable._mintERC2309
FNDA:0,ERC721AUpgradeable._mintERC2309
DA:791,0
DA:792,0
BRDA:792,24,0,-
BRDA:792,24,1,-
DA:793,0
BRDA:793,25,0,-
BRDA:793,25,1,-
DA:794,0
BRDA:794,26,0,-
BRDA:794,26,1,-
DA:796,0
DA:805,0
DA:812,0
DA:817,0
DA:819,0
DA:821,0
FN:837,ERC721AUpgradeable._safeMint
FNDA:1046,ERC721AUpgradeable._safeMint
DA:842,1046
DA:845,1046
BRDA:845,27,0,-
BRDA:845,27,1,-
DA:846,0
DA:847,0
DA:852,0
BRDA:849,28,0,-
BRDA:849,28,1,-
DA:854,0
BRDA:854,29,0,-
BRDA:854,29,1,-
FN:862,ERC721AUpgradeable._safeMint
FNDA:1046,ERC721AUpgradeable._safeMint
DA:863,1046
FN:873,ERC721AUpgradeable._approve
FNDA:0,ERC721AUpgradeable._approve
DA:874,0
FN:890,ERC721AUpgradeable._approve
FNDA:0,ERC721AUpgradeable._approve
DA:895,0
DA:897,0
BRDA:897,30,0,-
BRDA:897,30,1,-
DA:898,0
BRDA:898,31,0,-
BRDA:898,31,1,-
DA:899,0
DA:902,0
DA:903,0
FN:913,ERC721AUpgradeable._burn
FNDA:0,ERC721AUpgradeable._burn
DA:914,0
FN:927,ERC721AUpgradeable._burn
FNDA:0,ERC721AUpgradeable._burn
DA:928,0
DA:930,0
DA:932,0
DA:934,0
BRDA:934,32,0,-
BRDA:934,32,1,-
DA:936,0
BRDA:936,33,0,-
BRDA:936,33,1,-
DA:937,0
BRDA:937,34,0,-
BRDA:937,34,1,-
DA:940,0
DA:944,0
BRDA:944,35,0,-
DA:960,0
DA:967,0
DA:973,0
BRDA:973,36,0,-
BRDA:973,36,1,-
DA:974,0
DA:976,0
BRDA:976,37,0,-
BRDA:976,37,1,-
DA:978,0
BRDA:978,38,0,-
BRDA:978,38,1,-
DA:980,0
DA:986,0
DA:987,0
DA:991,0
FN:1002,ERC721AUpgradeable._setExtraDataAt
FNDA:0,ERC721AUpgradeable._setExtraDataAt
DA:1003,0
DA:1004,0
BRDA:1004,39,0,-
BRDA:1004,39,1,-
DA:1005,0
DA:1008,0
DA:1010,0
DA:1011,0
FN:1028,ERC721AUpgradeable._extraData
FNDA:1046,ERC721AUpgradeable._extraData
FN:1038,ERC721AUpgradeable._nextExtraData
FNDA:1046,ERC721AUpgradeable._nextExtraData
DA:1043,1046
DA:1044,1046
FN:1056,ERC721AUpgradeable._msgSenderERC721A
FNDA:1,ERC721AUpgradeable._msgSenderERC721A
DA:1057,1
FN:1063,ERC721AUpgradeable._toString
FNDA:0,ERC721AUpgradeable._toString
DA:1073,0
DA:1096,0
FN:1105,ERC721AUpgradeable._revert
FNDA:0,ERC721AUpgradeable._revert
FNF:53
FNH:16
LF:162
LH:44
BRF:78
BRH:7
end_of_record
TN:
SF:contracts/eip/queryable/ERC721A__Initializable.sol
FN:62,ERC721A__Initializable._isConstructor
FNDA:0,ERC721A__Initializable._isConstructor
DA:68,0
DA:69,0
DA:71,0
DA:73,0
FNF:1
FNH:0
LF:4
LH:0
BRF:0
BRH:0
end_of_record
TN:
SF:contracts/eip/queryable/ERC721A__InitializableStorage.sol
FN:23,ERC721A__InitializableStorage.layout
FNDA:0,ERC721A__InitializableStorage.layout
DA:24,0
DA:26,0
FNF:1
FNH:0
LF:2
LH:0
BRF:0
BRH:0
end_of_record
TN:
SF:contracts/extension/AppURI.sol
FN:19,AppURI.setAppURI
FNDA:0,AppURI.setAppURI
DA:20,0
BRDA:20,0,0,-
BRDA:20,0,1,-
DA:21,0
DA:24,0
FN:28,AppURI._setupAppURI
FNDA:0,AppURI._setupAppURI
DA:29,0
DA:30,0
DA:32,0
FNF:2
FNH:0
LF:6
LH:0
BRF:2
BRH:0
end_of_record
TN:
SF:contracts/extension/BatchMintMetadata.sol
FN:25,BatchMintMetadata.getBaseURICount
FNDA:5,BatchMintMetadata.getBaseURICount
DA:26,7881
FN:34,BatchMintMetadata.getBatchIdAtIndex
FNDA:2,BatchMintMetadata.getBatchIdAtIndex
DA:35,46
BRDA:35,0,0,2
BRDA:35,0,1,44
DA:36,2
DA:38,44
FN:42,BatchMintMetadata._getBatchId
FNDA:3548,BatchMintMetadata._getBatchId
DA:43,3548
DA:44,3548
DA:46,3548
DA:47,3727
BRDA:47,1,0,-
BRDA:47,1,1,3545
DA:48,3545
DA:49,3545
DA:51,3545
DA:55,3
FN:59,BatchMintMetadata._getBaseURI
FNDA:4282,BatchMintMetadata._getBaseURI
DA:60,4282
DA:61,4282
DA:63,4282
DA:64,4462
BRDA:64,2,0,-
BRDA:64,2,1,-
DA:65,4281
DA:68,1
FN:72,BatchMintMetadata._setBaseURI
FNDA:21,BatchMintMetadata._setBaseURI
DA:73,21
FN:77,BatchMintMetadata._batchMintMetadata
FNDA:3831,BatchMintMetadata._batchMintMetadata
DA:82,3831
DA:83,3831
DA:85,3831
DA:87,3831
FNF:6
FNH:6
LF:23
LH:23
BRF:6
BRH:3
end_of_record
TN:
SF:contracts/extension/BurnToClaim.sol
FN:18,BurnToClaim.setBurnToClaimInfo
FNDA:0,BurnToClaim.setBurnToClaimInfo
DA:19,0
BRDA:19,0,0,-
BRDA:19,0,1,-
DA:21,0
FN:24,BurnToClaim.verifyBurnToClaim
FNDA:0,BurnToClaim.verifyBurnToClaim
DA:29,0
DA:31,0
BRDA:31,1,0,-
BRDA:31,1,1,-
DA:32,0
BRDA:32,2,0,-
BRDA:32,2,1,-
DA:33,0
BRDA:33,3,0,-
BRDA:33,3,1,-
DA:34,0
BRDA:34,4,0,-
BRDA:34,4,1,-
DA:35,0
DA:37,0
BRDA:37,5,0,-
BRDA:37,5,1,-
DA:38,0
BRDA:38,6,0,-
BRDA:38,6,1,-
FN:44,BurnToClaim._burnTokensOnOrigin
FNDA:0,BurnToClaim._burnTokensOnOrigin
DA:49,0
DA:50,0
BRDA:50,7,0,-
BRDA:50,7,1,-
DA:51,0
DA:52,0
BRDA:52,8,0,-
BRDA:52,8,1,-
DA:53,0
FNF:3
FNH:0
LF:15
LH:0
BRF:18
BRH:0
end_of_record
TN:
SF:contracts/extension/ContractMetadata.sol
FN:27,ContractMetadata.setContractURI
FNDA:3,ContractMetadata.setContractURI
DA:28,3
BRDA:28,0,0,1
BRDA:28,0,1,2
DA:29,1
DA:32,2
FN:36,ContractMetadata._setupContractURI
FNDA:2,ContractMetadata._setupContractURI
DA:37,2
DA:38,2
DA:40,2
FNF:2
FNH:2
LF:6
LH:6
BRF:2
BRH:2
end_of_record
TN:
SF:contracts/extension/DefaultOperatorFilterer.sol
FN:17,DefaultOperatorFilterer.subscribeToRegistry
FNDA:0,DefaultOperatorFilterer.subscribeToRegistry
DA:18,0
BRDA:18,0,0,-
BRDA:18,0,1,-
DA:19,0
FNF:1
FNH:0
LF:2
LH:0
BRF:2
BRH:0
end_of_record
TN:
SF:contracts/extension/DefaultOperatorFiltererUpgradeable.sol
FN:11,DefaultOperatorFiltererUpgradeable.__DefaultOperatorFilterer_init
FNDA:0,DefaultOperatorFiltererUpgradeable.__DefaultOperatorFilterer_init
DA:12,0
FN:15,DefaultOperatorFiltererUpgradeable.subscribeToRegistry
FNDA:0,DefaultOperatorFiltererUpgradeable.subscribeToRegistry
DA:16,0
BRDA:16,0,0,-
BRDA:16,0,1,-
DA:17,0
FNF:2
FNH:0
LF:3
LH:0
BRF:2
BRH:0
end_of_record
TN:
SF:contracts/extension/DelayedReveal.sol
FN:19,DelayedReveal._setEncryptedData
FNDA:567,DelayedReveal._setEncryptedData
DA:20,567
FN:34,DelayedReveal.getRevealURI
FNDA:3,DelayedReveal.getRevealURI
DA:35,25
DA:36,25
BRDA:36,0,0,3
BRDA:36,0,1,22
DA:37,3
DA:40,22
DA:42,22
DA:44,22
BRDA:44,1,0,1
BRDA:44,1,1,21
FN:57,DelayedReveal.encryptDecrypt
FNDA:28,DelayedReveal.encryptDecrypt
DA:59,50
DA:64,50
DA:72,50
DA:74,50
DA:76,50
DA:80,50
DA:83,50
FN:97,DelayedReveal.isEncryptedBatch
FNDA:3,DelayedReveal.isEncryptedBatch
DA:98,3548
FNF:4
FNH:4
LF:15
LH:15
BRF:4
BRH:4
end_of_record
TN:
SF:contracts/extension/Drop.sol
FN:22,Drop.claim
FNDA:5422,Drop.claim
DA:30,5422
DA:32,5421
DA:34,5418
DA:37,1566
DA:38,1566
DA:41,1566
DA:44,1566
DA:46,1566
DA:48,1566
FN:52,Drop.setClaimConditions
FNDA:2352,Drop.setClaimConditions
DA:57,2352
BRDA:57,0,0,-
BRDA:57,0,1,2352
DA:58,0
DA:61,2352
DA:62,2352
DA:71,2352
DA:72,2352
BRDA:72,1,0,777
BRDA:72,1,1,2352
DA:73,777
DA:76,2352
DA:77,2352
DA:79,2352
DA:80,2352
DA:81,2378
BRDA:81,2,0,-
BRDA:81,2,1,2378
DA:83,2378
DA:84,2378
BRDA:84,3,0,-
BRDA:84,3,1,2378
DA:85,0
DA:88,2378
DA:89,2378
DA:91,2378
DA:104,2352
BRDA:104,4,0,783
BRDA:104,4,1,777
DA:105,777
DA:106,783
DA:109,1575
BRDA:109,5,0,-
BRDA:109,5,1,-
DA:110,0
DA:111,0
DA:116,2352
FN:120,Drop.verifyClaim
FNDA:0,Drop.verifyClaim
DA:128,5418
DA:129,5418
DA:130,5418
DA:131,5418
DA:133,5418
BRDA:133,6,0,3093
BRDA:133,6,1,5418
DA:134,3093
DA:148,5418
BRDA:148,7,0,3081
BRDA:148,7,1,12
DA:149,3093
DA:152,3093
DA:155,3093
DA:160,5418
DA:162,5418
BRDA:162,8,0,3
BRDA:162,8,1,5415
DA:163,3
DA:166,5415
BRDA:166,9,0,3846
BRDA:166,9,1,1569
DA:167,3846
DA:169,1569
BRDA:169,10,0,3
BRDA:169,10,1,1566
DA:170,3
DA:173,1566
BRDA:173,11,0,-
BRDA:173,11,1,1566
DA:174,0
FN:179,Drop.getActiveClaimConditionId
FNDA:1563,Drop.getActiveClaimConditionId
DA:180,6984
DA:181,6999
BRDA:181,12,0,6978
BRDA:181,12,1,21
DA:182,6978
DA:186,6
FN:190,Drop.getClaimConditionById
FNDA:27,Drop.getClaimConditionById
DA:191,27
FN:195,Drop.getSupplyClaimedByWallet
FNDA:1548,Drop.getSupplyClaimedByWallet
DA:200,1548
FN:208,Drop._dropMsgSender
FNDA:0,Drop._dropMsgSender
DA:209,0
FN:213,Drop._beforeClaim
FNDA:1807,Drop._beforeClaim
FN:223,Drop._afterClaim
FNDA:1566,Drop._afterClaim
FNF:9
FNH:7
LF:60
LH:54
BRF:26
BRH:20
end_of_record
TN:
SF:contracts/extension/Drop1155.sol
FN:22,Drop1155.claim
FNDA:1808,Drop1155.claim
DA:31,1808
DA:33,1808
DA:35,1806
DA:46,522
DA:47,522
DA:50,522
DA:53,522
DA:55,522
DA:57,522
FN:61,Drop1155.setClaimConditions
FNDA:785,Drop1155.setClaimConditions
DA:66,785
BRDA:66,0,0,-
BRDA:66,0,1,785
DA:67,0
DA:69,785
DA:70,785
DA:71,785
DA:80,785
DA:81,785
BRDA:81,1,0,259
BRDA:81,1,1,785
DA:82,259
DA:85,785
DA:86,785
DA:88,785
DA:89,785
DA:90,795
BRDA:90,2,0,-
BRDA:90,2,1,795
DA:92,795
DA:93,795
BRDA:93,3,0,-
BRDA:93,3,1,795
DA:94,0
DA:97,795
DA:98,795
DA:100,795
DA:113,785
BRDA:113,4,0,261
BRDA:113,4,1,259
DA:114,259
DA:115,261
DA:118,526
BRDA:118,5,0,-
BRDA:118,5,1,-
DA:119,0
DA:120,0
DA:125,785
FN:129,Drop1155.verifyClaim
FNDA:0,Drop1155.verifyClaim
DA:138,1806
DA:139,1806
DA:140,1806
DA:141,1806
DA:143,1806
BRDA:143,6,0,1031
BRDA:143,6,1,1806
DA:144,1031
DA:158,1806
BRDA:158,7,0,1027
BRDA:158,7,1,4
DA:159,1031
DA:162,1031
DA:165,1031
DA:170,1806
DA:172,1806
BRDA:172,8,0,1
BRDA:172,8,1,1805
DA:173,1
DA:176,1805
BRDA:176,9,0,1282
BRDA:176,9,1,523
DA:177,1282
DA:180,523
BRDA:180,10,0,1
BRDA:180,10,1,522
DA:181,1
DA:184,522
BRDA:184,11,0,-
BRDA:184,11,1,522
DA:185,0
FN:190,Drop1155.getActiveClaimConditionId
FNDA:521,Drop1155.getActiveClaimConditionId
DA:191,2329
DA:192,2329
DA:193,2333
BRDA:193,12,0,2326
BRDA:193,12,1,7
DA:194,2326
DA:198,3
FN:202,Drop1155.getClaimConditionById
FNDA:9,Drop1155.getClaimConditionById
DA:207,9
FN:211,Drop1155.getSupplyClaimedByWallet
FNDA:516,Drop1155.getSupplyClaimedByWallet
DA:216,516
FN:224,Drop1155._dropMsgSender
FNDA:0,Drop1155._dropMsgSender
DA:225,0
FN:229,Drop1155._beforeClaim
FNDA:0,Drop1155._beforeClaim
FN:240,Drop1155._afterClaim
FNDA:522,Drop1155._afterClaim
FNF:9
FNH:6
LF:62
LH:56
BRF:26
BRH:20
end_of_record
TN:
SF:contracts/extension/DropSinglePhase.sol
FN:34,DropSinglePhase.claim
FNDA:3096,DropSinglePhase.claim
DA:42,3096
DA:44,3094
DA:46,3094
DA:49,1043
DA:50,1043
DA:53,1043
DA:56,1043
DA:58,1043
DA:60,1043
FN:64,DropSinglePhase.setClaimConditions
FNDA:1559,DropSinglePhase.setClaimConditions
DA:65,1559
BRDA:65,0,0,-
BRDA:65,0,1,1559
DA:66,0
DA:69,1559
DA:70,1559
DA:72,1559
BRDA:72,1,0,513
BRDA:72,1,1,1559
DA:73,513
DA:74,513
DA:77,1559
BRDA:77,2,0,-
BRDA:77,2,1,1559
DA:78,0
DA:81,1559
DA:91,1559
DA:93,1559
FN:97,DropSinglePhase.verifyClaim
FNDA:0,DropSinglePhase.verifyClaim
DA:104,3094
DA:105,3094
DA:106,3094
DA:107,3094
DA:109,3094
BRDA:109,3,0,2048
BRDA:109,3,1,3094
DA:110,2048
DA:124,3094
BRDA:124,4,0,2048
BRDA:124,4,1,-
DA:125,2048
DA:128,2048
DA:131,2048
DA:136,3094
DA:138,3094
BRDA:138,5,0,-
BRDA:138,5,1,3094
DA:139,0
DA:142,3094
BRDA:142,6,0,2048
BRDA:142,6,1,1046
DA:143,2048
DA:146,1046
BRDA:146,7,0,2
BRDA:146,7,1,1044
DA:147,2
DA:150,1044
BRDA:150,8,0,1
BRDA:150,8,1,1043
DA:151,1
FN:156,DropSinglePhase.getSupplyClaimedByWallet
FNDA:1024,DropSinglePhase.getSupplyClaimedByWallet
DA:157,1024
FN:165,DropSinglePhase._dropMsgSender
FNDA:2847,DropSinglePhase._dropMsgSender
DA:166,2847
FN:170,DropSinglePhase._beforeClaim
FNDA:1547,DropSinglePhase._beforeClaim
FN:180,DropSinglePhase._afterClaim
FNDA:1043,DropSinglePhase._afterClaim
FNF:7
FNH:6
LF:42
LH:39
BRF:18
BRH:14
end_of_record
TN:
SF:contracts/extension/DropSinglePhase1155.sol
FN:30,DropSinglePhase1155.claim
FNDA:529,DropSinglePhase1155.claim
DA:39,529
DA:41,529
DA:42,529
DA:44,529
DA:47,11
DA:48,11
DA:49,11
DA:52,11
DA:55,10
DA:57,10
DA:59,10
FN:63,DropSinglePhase1155.setClaimConditions
FNDA:533,DropSinglePhase1155.setClaimConditions
DA:68,533
BRDA:68,0,0,1
BRDA:68,0,1,532
DA:69,1
DA:72,532
DA:73,532
DA:75,532
DA:77,532
BRDA:77,1,0,530
BRDA:77,1,1,532
DA:78,530
DA:79,530
DA:82,532
BRDA:82,2,0,1
BRDA:82,2,1,531
DA:83,1
DA:86,531
DA:97,531
DA:98,531
DA:100,531
FN:104,DropSinglePhase1155.verifyClaim
FNDA:0,DropSinglePhase1155.verifyClaim
DA:112,529
DA:113,529
DA:114,529
DA:115,529
DA:117,529
BRDA:117,3,0,2
BRDA:117,3,1,529
DA:118,2
DA:132,529
BRDA:132,4,0,2
BRDA:132,4,1,-
DA:133,2
DA:136,2
DA:139,2
DA:144,529
DA:146,529
BRDA:146,5,0,2
BRDA:146,5,1,527
DA:147,2
DA:150,527
BRDA:150,6,0,514
BRDA:150,6,1,13
DA:151,514
DA:154,13
BRDA:154,7,0,2
BRDA:154,7,1,11
DA:155,2
DA:158,11
BRDA:158,8,0,-
BRDA:158,8,1,11
DA:159,0
FN:164,DropSinglePhase1155.getSupplyClaimedByWallet
FNDA:6,DropSinglePhase1155.getSupplyClaimedByWallet
DA:165,6
FN:173,DropSinglePhase1155._dropMsgSender
FNDA:1080,DropSinglePhase1155._dropMsgSender
DA:174,1080
FN:178,DropSinglePhase1155._beforeClaim
FNDA:518,DropSinglePhase1155._beforeClaim
FN:189,DropSinglePhase1155._afterClaim
FNDA:10,DropSinglePhase1155._afterClaim
FNF:7
FNH:6
LF:46
LH:45
BRF:18
BRH:16
end_of_record
TN:
SF:contracts/extension/Initializable.sol
FN:129,Initializable._disableInitializers
FNDA:0,Initializable._disableInitializers
DA:130,0
BRDA:130,0,0,-
BRDA:130,0,1,-
DA:131,0
BRDA:131,1,0,-
BRDA:131,1,1,-
DA:132,0
DA:133,0
FNF:1
FNH:0
LF:4
LH:0
BRF:4
BRH:0
end_of_record
TN:
SF:contracts/extension/LazyMint.sol
FN:28,LazyMint.lazyMint
FNDA:3789,LazyMint.lazyMint
DA:33,3789
BRDA:33,0,0,4
BRDA:33,0,1,3785
DA:34,4
DA:37,3785
BRDA:37,1,0,3
BRDA:37,1,1,3782
DA:38,3
DA:41,3782
DA:43,3782
DA:45,3782
DA:47,3782
FNF:1
FNH:1
LF:8
LH:8
BRF:4
BRH:4
end_of_record
TN:
SF:contracts/extension/LazyMintWithTier.sol
FN:45,LazyMintWithTier.lazyMint
FNDA:38,LazyMintWithTier.lazyMint
DA:51,38
BRDA:51,0,0,1
BRDA:51,0,1,37
DA:52,1
DA:55,37
BRDA:55,1,0,1
BRDA:55,1,1,36
DA:56,1
DA:59,36
DA:61,36
DA:64,36
BRDA:64,2,0,33
BRDA:64,2,1,36
DA:65,33
DA:67,36
DA:69,36
DA:71,36
FN:75,LazyMintWithTier._getMetadataInTier
FNDA:0,LazyMintWithTier._getMetadataInTier
DA:80,0
DA:82,0
DA:83,0
DA:85,0
DA:86,0
FN:91,LazyMintWithTier.getMetadataForAllTiers
FNDA:0,LazyMintWithTier.getMetadataForAllTiers
DA:92,0
DA:93,0
DA:95,0
DA:97,0
DA:98,0
DA:99,0
FN:108,LazyMintWithTier.isTierEmpty
FNDA:38,LazyMintWithTier.isTierEmpty
DA:109,38
FNF:4
FNH:2
LF:23
LH:12
BRF:6
BRH:6
end_of_record
TN:
SF:contracts/extension/Multicall.sol
FN:22,Multicall.multicall
FNDA:0,Multicall.multicall
DA:23,0
DA:24,0
DA:25,0
DA:27,0
FNF:1
FNH:0
LF:4
LH:0
BRF:0
BRH:0
end_of_record
TN:
SF:contracts/extension/NFTMetadata.sol
FN:12,NFTMetadata._getTokenURI
FNDA:9,NFTMetadata._getTokenURI
DA:13,9
FN:17,NFTMetadata._setTokenURI
FNDA:49,NFTMetadata._setTokenURI
DA:18,49
BRDA:18,0,0,1
BRDA:18,0,1,48
DA:19,48
DA:21,48
FN:25,NFTMetadata.setTokenURI
FNDA:16,NFTMetadata.setTokenURI
DA:26,16
BRDA:26,1,0,5
BRDA:26,1,1,11
DA:27,11
BRDA:27,2,0,4
BRDA:27,2,1,7
DA:28,7
FN:31,NFTMetadata.freezeMetadata
FNDA:6,NFTMetadata.freezeMetadata
DA:32,6
BRDA:32,3,0,1
BRDA:32,3,1,5
DA:33,5
DA:34,5
FNF:4
FNH:4
LF:10
LH:10
BRF:8
BRH:8
end_of_record
TN:
SF:contracts/extension/OperatorFilterToggle.sol
FN:11,OperatorFilterToggle.setOperatorRestriction
FNDA:0,OperatorFilterToggle.setOperatorRestriction
DA:12,0
BRDA:12,0,0,-
BRDA:12,0,1,-
DA:13,0
FN:16,OperatorFilterToggle._setOperatorRestriction
FNDA:0,OperatorFilterToggle._setOperatorRestriction
DA:17,0
DA:18,0
FNF:2
FNH:0
LF:4
LH:0
BRF:2
BRH:0
end_of_record
TN:
SF:contracts/extension/OperatorFilterer.sol
FN:46,OperatorFilterer._checkFilterOperator
FNDA:14,OperatorFilterer._checkFilterOperator
DA:48,14
BRDA:48,0,0,-
BRDA:48,0,1,-
DA:49,14
BRDA:49,1,0,-
BRDA:49,1,1,-
DA:50,0
BRDA:50,2,0,-
BRDA:50,2,1,-
DA:51,0
FN:57,OperatorFilterer._register
FNDA:0,OperatorFilterer._register
DA:59,0
BRDA:59,3,0,-
BRDA:59,3,1,-
DA:61,0
BRDA:61,4,0,-
BRDA:61,4,1,-
DA:63,0
BRDA:63,5,0,-
BRDA:63,5,1,-
DA:64,0
DA:66,0
DA:69,0
FNF:2
FNH:1
LF:10
LH:2
BRF:12
BRH:0
end_of_record
TN:
SF:contracts/extension/OperatorFiltererUpgradeable.sol
FN:15,OperatorFiltererUpgradeable.__OperatorFilterer_init
FNDA:0,OperatorFiltererUpgradeable.__OperatorFilterer_init
DA:19,0
FN:53,OperatorFiltererUpgradeable._register
FNDA:0,OperatorFiltererUpgradeable._register
DA:55,0
BRDA:55,0,0,-
BRDA:55,0,1,-
DA:57,0
BRDA:57,1,0,-
BRDA:57,1,1,-
DA:59,0
BRDA:59,2,0,-
BRDA:59,2,1,-
DA:60,0
DA:62,0
DA:65,0
FNF:2
FNH:0
LF:7
LH:0
BRF:6
BRH:0
end_of_record
TN:
SF:contracts/extension/Ownable.sol
FN:30,Ownable.owner
FNDA:1,Ownable.owner
DA:31,116
FN:38,Ownable.setOwner
FNDA:3,Ownable.setOwner
DA:39,3
BRDA:39,0,0,1
BRDA:39,0,1,2
DA:40,1
DA:42,2
FN:46,Ownable._setupOwner
FNDA:2,Ownable._setupOwner
DA:47,2
DA:48,2
DA:50,2
FNF:3
FNH:3
LF:7
LH:7
BRF:2
BRH:2
end_of_record
TN:
SF:contracts/extension/Permissions.sol
FN:36,Permissions.hasRole
FNDA:54,Permissions.hasRole
DA:37,13346
FN:54,Permissions.hasRoleWithSwitch
FNDA:0,Permissions.hasRoleWithSwitch
DA:55,905
BRDA:55,0,0,649
BRDA:55,0,1,256
DA:56,649
DA:59,256
FN:69,Permissions.getRoleAdmin
FNDA:3,Permissions.getRoleAdmin
DA:70,3
FN:81,Permissions.grantRole
FNDA:80,Permissions.grantRole
DA:82,80
DA:83,78
BRDA:83,1,0,11
BRDA:83,1,1,67
DA:84,11
DA:86,67
FN:97,Permissions.revokeRole
FNDA:42,Permissions.revokeRole
DA:98,42
DA:99,41
FN:110,Permissions.renounceRole
FNDA:15,Permissions.renounceRole
DA:111,15
BRDA:111,2,0,1
BRDA:111,2,1,14
DA:112,1
DA:114,14
FN:118,Permissions._setRoleAdmin
FNDA:3,Permissions._setRoleAdmin
DA:119,3
DA:120,3
DA:121,3
FN:125,Permissions._setupRole
FNDA:67,Permissions._setupRole
DA:126,67
DA:127,67
FN:131,Permissions._revokeRole
FNDA:55,Permissions._revokeRole
DA:132,55
DA:133,41
DA:134,41
FN:138,Permissions._checkRole
FNDA:336,Permissions._checkRole
DA:139,336
BRDA:139,3,0,25
BRDA:139,3,1,311
DA:140,25
FN:154,Permissions._checkRoleWithSwitch
FNDA:905,Permissions._checkRoleWithSwitch
DA:155,905
BRDA:155,4,0,4
BRDA:155,4,1,901
DA:156,4
FNF:11
FNH:10
LF:26
LH:26
BRF:10
BRH:10
end_of_record
TN:
SF:contracts/extension/PermissionsEnumerable.sol
FN:42,PermissionsEnumerable.getRoleMember
FNDA:134,PermissionsEnumerable.getRoleMember
DA:43,134
DA:44,134
DA:46,134
DA:47,549
BRDA:47,0,0,110
BRDA:47,0,1,230
DA:48,340
BRDA:48,1,0,110
BRDA:48,1,1,230
DA:49,110
DA:50,110
DA:52,230
DA:53,209
BRDA:53,2,0,54
BRDA:53,2,1,209
DA:54,54
FN:68,PermissionsEnumerable.getRoleMemberCount
FNDA:48,PermissionsEnumerable.getRoleMemberCount
DA:69,48
DA:71,48
DA:72,199
BRDA:72,3,0,120
BRDA:72,3,1,199
DA:73,120
DA:76,48
BRDA:76,4,0,29
BRDA:76,4,1,48
DA:77,29
FN:83,PermissionsEnumerable._revokeRole
FNDA:49,PermissionsEnumerable._revokeRole
DA:84,49
DA:85,37
FN:90,PermissionsEnumerable._setupRole
FNDA:56,PermissionsEnumerable._setupRole
DA:91,56
DA:92,56
FN:96,PermissionsEnumerable._addMember
FNDA:56,PermissionsEnumerable._addMember
DA:97,56
DA:98,56
DA:100,56
DA:101,56
FN:105,PermissionsEnumerable._removeMember
FNDA:37,PermissionsEnumerable._removeMember
DA:106,37
DA:108,37
DA:109,37
FNF:6
FNH:6
LF:27
LH:27
BRF:10
BRH:10
end_of_record
TN:
SF:contracts/extension/PlatformFee.sol
FN:29,PlatformFee.getPlatformFeeInfo
FNDA:1,PlatformFee.getPlatformFeeInfo
DA:30,257
FN:34,PlatformFee.getFlatPlatformFeeInfo
FNDA:0,PlatformFee.getFlatPlatformFeeInfo
DA:35,0
FN:39,PlatformFee.getPlatformFeeType
FNDA:0,PlatformFee.getPlatformFeeType
DA:40,4
FN:52,PlatformFee.setPlatformFeeInfo
FNDA:4,PlatformFee.setPlatformFeeInfo
DA:53,4
BRDA:53,0,0,1
BRDA:53,0,1,3
DA:54,1
DA:56,3
FN:60,PlatformFee._setupPlatformFeeInfo
FNDA:3,PlatformFee._setupPlatformFeeInfo
DA:61,3
BRDA:61,1,0,1
BRDA:61,1,1,2
DA:62,1
DA:65,2
DA:66,2
DA:68,2
FN:72,PlatformFee.setFlatPlatformFeeInfo
FNDA:0,PlatformFee.setFlatPlatformFeeInfo
DA:73,0
BRDA:73,2,0,-
BRDA:73,2,1,-
DA:74,0
DA:77,0
FN:81,PlatformFee._setupFlatPlatformFeeInfo
FNDA:0,PlatformFee._setupFlatPlatformFeeInfo
DA:82,0
DA:83,0
DA:85,0
FN:89,PlatformFee.setPlatformFeeType
FNDA:0,PlatformFee.setPlatformFeeType
DA:90,0
BRDA:90,3,0,-
BRDA:90,3,1,-
DA:91,0
DA:93,0
FN:97,PlatformFee._setupPlatformFeeType
FNDA:0,PlatformFee._setupPlatformFeeType
DA:98,0
DA:100,0
FNF:9
FNH:3
LF:22
LH:10
BRF:8
BRH:4
end_of_record
TN:
SF:contracts/extension/PrimarySale.sol
FN:20,PrimarySale.primarySaleRecipient
FNDA:1,PrimarySale.primarySaleRecipient
DA:21,23
FN:32,PrimarySale.setPrimarySaleRecipient
FNDA:3,PrimarySale.setPrimarySaleRecipient
DA:33,3
BRDA:33,0,0,1
BRDA:33,0,1,2
DA:34,1
DA:36,2
FN:40,PrimarySale._setupPrimarySaleRecipient
FNDA:2,PrimarySale._setupPrimarySaleRecipient
DA:41,2
DA:42,2
FNF:3
FNH:3
LF:6
LH:6
BRF:2
BRH:2
end_of_record
TN:
SF:contracts/extension/Proxy.sol
FN:20,Proxy._delegate
FNDA:0,Proxy._delegate
FN:56,Proxy._fallback
FNDA:0,Proxy._fallback
DA:57,0
DA:58,0
FN:65,Proxy.
FNDA:0,Proxy.
DA:66,0
FN:83,Proxy._beforeFallback
FNDA:0,Proxy._beforeFallback
FNF:4
FNH:0
LF:3
LH:0
BRF:0
BRH:0
end_of_record
TN:
SF:contracts/extension/ProxyForUpgradeable.sol
FN:29,ProxyForUpgradeable._implementation
FNDA:0,ProxyForUpgradeable._implementation
DA:30,0
FNF:1
FNH:0
LF:1
LH:0
BRF:0
BRH:0
end_of_record
TN:
SF:contracts/extension/Royalty.sol
FN:36,Royalty.royaltyInfo
FNDA:8,Royalty.royaltyInfo
DA:43,8
DA:44,8
DA:45,8
FN:53,Royalty.getRoyaltyInfoForToken
FNDA:2,Royalty.getRoyaltyInfoForToken
DA:54,10
DA:56,10
DA:57,10
FN:65,Royalty.getDefaultRoyaltyInfo
FNDA:1,Royalty.getDefaultRoyaltyInfo
DA:66,1
FN:78,Royalty.setDefaultRoyaltyInfo
FNDA:3,Royalty.setDefaultRoyaltyInfo
DA:79,3
BRDA:79,0,0,-
BRDA:79,0,1,3
DA:80,0
DA:83,3
FN:87,Royalty._setupDefaultRoyaltyInfo
FNDA:3,Royalty._setupDefaultRoyaltyInfo
DA:88,3
BRDA:88,1,0,1
BRDA:88,1,1,2
DA:89,1
DA:92,2
DA:93,2
DA:95,2
FN:107,Royalty.setRoyaltyInfoForToken
FNDA:4,Royalty.setRoyaltyInfoForToken
DA:112,4
BRDA:112,2,0,1
BRDA:112,2,1,3
DA:113,1
DA:116,3
FN:120,Royalty._setupRoyaltyInfoForToken
FNDA:16,Royalty._setupRoyaltyInfoForToken
DA:125,16
BRDA:125,3,0,1
BRDA:125,3,1,15
DA:126,1
DA:129,15
DA:131,15
FNF:7
FNH:7
LF:22
LH:21
BRF:8
BRH:7
end_of_record
TN:
SF:contracts/extension/SharedMetadata.sol
FN:15,SharedMetadata.setSharedMetadata
FNDA:524,SharedMetadata.setSharedMetadata
DA:16,524
BRDA:16,0,0,1
BRDA:16,0,1,523
DA:17,1
DA:19,523
FN:26,SharedMetadata._setSharedMetadata
FNDA:523,SharedMetadata._setSharedMetadata
DA:27,523
DA:34,523
DA:36,523
FN:48,SharedMetadata._getURIFromSharedMetadata
FNDA:1,SharedMetadata._getURIFromSharedMetadata
DA:49,1
DA:51,1
DA:52,1
FNF:3
FNH:3
LF:9
LH:9
BRF:2
BRH:2
end_of_record
TN:
SF:contracts/extension/SignatureAction.sol
FN:21,SignatureAction.verify
FNDA:0,SignatureAction.verify
DA:27,0
DA:28,0
FN:35,SignatureAction._processRequest
FNDA:0,SignatureAction._processRequest
DA:39,0
DA:40,0
DA:42,0
BRDA:42,0,0,-
BRDA:42,0,1,-
DA:43,0
DA:46,0
BRDA:46,1,0,-
BRDA:46,1,1,-
DA:47,0
DA:50,0
FN:54,SignatureAction._recoverAddress
FNDA:0,SignatureAction._recoverAddress
DA:55,0
FN:59,SignatureAction._encodeRequest
FNDA:0,SignatureAction._encodeRequest
DA:60,0
DA:61,0
FNF:4
FNH:0
LF:12
LH:0
BRF:4
BRH:0
end_of_record
TN:
SF:contracts/extension/SignatureActionUpgradeable.sol
FN:18,SignatureActionUpgradeable.__SignatureAction_init
FNDA:0,SignatureActionUpgradeable.__SignatureAction_init
DA:19,0
FN:22,SignatureActionUpgradeable.__SignatureAction_init_unchained
FNDA:0,SignatureActionUpgradeable.__SignatureAction_init_unchained
FN:25,SignatureActionUpgradeable.verify
FNDA:0,SignatureActionUpgradeable.verify
DA:31,15
DA:32,15
FN:39,SignatureActionUpgradeable._processRequest
FNDA:15,SignatureActionUpgradeable._processRequest
DA:43,15
DA:44,15
DA:46,15
BRDA:46,0,0,-
BRDA:46,0,1,15
DA:47,0
DA:50,15
BRDA:50,1,0,-
BRDA:50,1,1,15
DA:51,0
DA:54,15
FN:58,SignatureActionUpgradeable._recoverAddress
FNDA:15,SignatureActionUpgradeable._recoverAddress
DA:59,15
FN:63,SignatureActionUpgradeable._encodeRequest
FNDA:15,SignatureActionUpgradeable._encodeRequest
DA:64,15
DA:65,15
FNF:6
FNH:3
LF:13
LH:10
BRF:4
BRH:2
end_of_record
TN:
SF:contracts/extension/SignatureMintERC1155.sol
FN:23,SignatureMintERC1155.verify
FNDA:0,SignatureMintERC1155.verify
DA:29,9
DA:30,9
FN:37,SignatureMintERC1155._processRequest
FNDA:9,SignatureMintERC1155._processRequest
DA:38,9
DA:39,9
DA:41,9
BRDA:41,0,0,1
BRDA:41,0,1,8
DA:42,8
BRDA:42,1,0,1
BRDA:42,1,1,7
DA:46,7
BRDA:46,2,0,-
BRDA:46,2,1,7
DA:47,7
BRDA:47,3,0,-
BRDA:47,3,1,7
DA:49,7
FN:53,SignatureMintERC1155._recoverAddress
FNDA:9,SignatureMintERC1155._recoverAddress
DA:54,9
FN:58,SignatureMintERC1155._encodeRequest
FNDA:9,SignatureMintERC1155._encodeRequest
DA:59,9
DA:60,9
FNF:4
FNH:3
LF:12
LH:12
BRF:8
BRH:6
end_of_record
TN:
SF:contracts/extension/SignatureMintERC1155Upgradeable.sol
FN:22,SignatureMintERC1155Upgradeable.__SignatureMintERC1155_init
FNDA:0,SignatureMintERC1155Upgradeable.__SignatureMintERC1155_init
DA:23,0
FN:26,SignatureMintERC1155Upgradeable.__SignatureMintERC1155_init_unchained
FNDA:0,SignatureMintERC1155Upgradeable.__SignatureMintERC1155_init_unchained
FN:29,SignatureMintERC1155Upgradeable.verify
FNDA:0,SignatureMintERC1155Upgradeable.verify
DA:35,0
DA:36,0
FN:43,SignatureMintERC1155Upgradeable._processRequest
FNDA:0,SignatureMintERC1155Upgradeable._processRequest
DA:44,0
DA:45,0
DA:47,0
BRDA:47,0,0,-
BRDA:47,0,1,-
DA:48,0
BRDA:48,1,0,-
BRDA:48,1,1,-
DA:52,0
BRDA:52,2,0,-
BRDA:52,2,1,-
DA:53,0
BRDA:53,3,0,-
BRDA:53,3,1,-
DA:55,0
FN:59,SignatureMintERC1155Upgradeable._recoverAddress
FNDA:0,SignatureMintERC1155Upgradeable._recoverAddress
DA:60,0
FN:64,SignatureMintERC1155Upgradeable._encodeRequest
FNDA:0,SignatureMintERC1155Upgradeable._encodeRequest
DA:65,0
DA:66,0
FNF:6
FNH:0
LF:13
LH:0
BRF:8
BRH:0
end_of_record
TN:
SF:contracts/extension/SignatureMintERC20.sol
FN:23,SignatureMintERC20.verify
FNDA:0,SignatureMintERC20.verify
DA:29,12
DA:30,12
FN:37,SignatureMintERC20._processRequest
FNDA:12,SignatureMintERC20._processRequest
DA:38,12
DA:39,12
DA:41,12
BRDA:41,0,0,1
BRDA:41,0,1,11
DA:42,11
BRDA:42,1,0,1
BRDA:42,1,1,10
DA:46,10
BRDA:46,2,0,-
BRDA:46,2,1,10
DA:47,10
BRDA:47,3,0,-
BRDA:47,3,1,10
DA:49,10
FN:53,SignatureMintERC20._recoverAddress
FNDA:12,SignatureMintERC20._recoverAddress
DA:54,12
FN:58,SignatureMintERC20._encodeRequest
FNDA:12,SignatureMintERC20._encodeRequest
DA:59,12
DA:60,12
FNF:4
FNH:3
LF:12
LH:12
BRF:8
BRH:6
end_of_record
TN:
SF:contracts/extension/SignatureMintERC20Upgradeable.sol
FN:22,SignatureMintERC20Upgradeable.__SignatureMintERC20_init
FNDA:0,SignatureMintERC20Upgradeable.__SignatureMintERC20_init
DA:23,0
DA:24,0
FN:27,SignatureMintERC20Upgradeable.__SignatureMintERC20_init_unchained
[...]
BRH:0
end_of_record
TN:
SF:src/test/utils/Console.sol
FN:7,console._sendLogPayload
FNDA:0,console._sendLogPayload
DA:8,0
DA:9,0
FN:16,console.log
FNDA:0,console.log
DA:17,0
FN:20,console.logInt
FNDA:0,console.logInt
DA:21,0
FN:24,console.logUint
FNDA:0,console.logUint
DA:25,0
FN:28,console.logString
FNDA:0,console.logString
DA:29,0
FN:32,console.logBool
FNDA:0,console.logBool
DA:33,0
FN:36,console.logAddress
FNDA:0,console.logAddress
DA:37,0
FN:40,console.logBytes
FNDA:0,console.logBytes
DA:41,0
FN:44,console.logBytes1
FNDA:0,console.logBytes1
DA:45,0
FN:48,console.logBytes2
FNDA:0,console.logBytes2
DA:49,0
FN:52,console.logBytes3
FNDA:0,console.logBytes3
DA:53,0
FN:56,console.logBytes4
FNDA:0,console.logBytes4
DA:57,0
FN:60,console.logBytes5
FNDA:0,console.logBytes5
DA:61,0
FN:64,console.logBytes6
FNDA:0,console.logBytes6
DA:65,0
FN:68,console.logBytes7
FNDA:0,console.logBytes7
DA:69,0
FN:72,console.logBytes8
FNDA:0,console.logBytes8
DA:73,0
FN:76,console.logBytes9
FNDA:0,console.logBytes9
DA:77,0
FN:80,console.logBytes10
FNDA:0,console.logBytes10
DA:81,0
FN:84,console.logBytes11
FNDA:0,console.logBytes11
DA:85,0
FN:88,console.logBytes12
FNDA:0,console.logBytes12
DA:89,0
FN:92,console.logBytes13
FNDA:0,console.logBytes13
DA:93,0
FN:96,console.logBytes14
FNDA:0,console.logBytes14
DA:97,0
FN:100,console.logBytes15
FNDA:0,console.logBytes15
DA:101,0
FN:104,console.logBytes16
FNDA:0,console.logBytes16
DA:105,0
FN:108,console.logBytes17
FNDA:0,console.logBytes17
DA:109,0
FN:112,console.logBytes18
FNDA:0,console.logBytes18
DA:113,0
FN:116,console.logBytes19
FNDA:0,console.logBytes19
DA:117,0
FN:120,console.logBytes20
FNDA:0,console.logBytes20
DA:121,0
FN:124,console.logBytes21
FNDA:0,console.logBytes21
DA:125,0
FN:128,console.logBytes22
FNDA:0,console.logBytes22
DA:129,0
FN:132,console.logBytes23
FNDA:0,console.logBytes23
DA:133,0
FN:136,console.logBytes24
FNDA:0,console.logBytes24
DA:137,0
FN:140,console.logBytes25
FNDA:0,console.logBytes25
DA:141,0
FN:144,console.logBytes26
FNDA:0,console.logBytes26
DA:145,0
FN:148,console.logBytes27
FNDA:0,console.logBytes27
DA:149,0
FN:152,console.logBytes28
FNDA:0,console.logBytes28
DA:153,0
FN:156,console.logBytes29
FNDA:0,console.logBytes29
DA:157,0
FN:160,console.logBytes30
FNDA:0,console.logBytes30
DA:161,0
FN:164,console.logBytes31
FNDA:0,console.logBytes31
DA:165,0
FN:168,console.logBytes32
FNDA:0,console.logBytes32
DA:169,0
FN:172,console.log
FNDA:0,console.log
DA:173,0
FN:176,console.log
FNDA:0,console.log
DA:177,0
FN:180,console.log
FNDA:0,console.log
DA:181,0
FN:184,console.log
FNDA:0,console.log
DA:185,0
FN:188,console.log
FNDA:0,console.log
DA:189,0
FN:192,console.log
FNDA:0,console.log
DA:193,0
FN:196,console.log
FNDA:0,console.log
DA:197,0
FN:200,console.log
FNDA:0,console.log
DA:201,0
FN:204,console.log
FNDA:0,console.log
DA:205,0
FN:208,console.log
FNDA:0,console.log
DA:209,0
FN:212,console.log
FNDA:0,console.log
DA:213,0
FN:216,console.log
FNDA:0,console.log
DA:217,0
FN:220,console.log
FNDA:0,console.log
DA:221,0
FN:224,console.log
FNDA:0,console.log
DA:225,0
FN:228,console.log
FNDA:0,console.log
DA:229,0
FN:232,console.log
FNDA:0,console.log
DA:233,0
FN:236,console.log
FNDA:0,console.log
DA:237,0
FN:240,console.log
FNDA:0,console.log
DA:241,0
FN:244,console.log
FNDA:0,console.log
DA:245,0
FN:248,console.log
FNDA:0,console.log
DA:249,0
FN:252,console.log
FNDA:0,console.log
DA:257,0
FN:260,console.log
FNDA:0,console.log
DA:265,0
FN:268,console.log
FNDA:0,console.log
DA:273,0
FN:276,console.log
FNDA:0,console.log
DA:281,0
FN:284,console.log
FNDA:0,console.log
DA:289,0
FN:292,console.log
FNDA:0,console.log
DA:297,0
FN:300,console.log
FNDA:0,console.log
DA:305,0
FN:308,console.log
FNDA:0,console.log
DA:313,0
FN:316,console.log
FNDA:0,console.log
DA:321,0
FN:324,console.log
FNDA:0,console.log
DA:329,0
FN:332,console.log
FNDA:0,console.log
DA:337,0
FN:340,console.log
FNDA:0,console.log
DA:345,0
FN:348,console.log
FNDA:0,console.log
DA:353,0
FN:356,console.log
FNDA:0,console.log
DA:361,0
FN:364,console.log
FNDA:0,console.log
DA:369,0
FN:372,console.log
FNDA:0,console.log
DA:377,0
FN:380,console.log
FNDA:0,console.log
DA:385,0
FN:388,console.log
FNDA:0,console.log
DA:393,0
FN:396,console.log
FNDA:0,console.log
DA:401,0
FN:404,console.log
FNDA:0,console.log
DA:409,0
FN:412,console.log
FNDA:0,console.log
DA:417,0
FN:420,console.log
FNDA:0,console.log
DA:425,0
FN:428,console.log
FNDA:0,console.log
DA:433,0
FN:436,console.log
FNDA:0,console.log
DA:441,0
FN:444,console.log
FNDA:0,console.log
DA:449,0
FN:452,console.log
FNDA:0,console.log
DA:457,0
FN:460,console.log
FNDA:0,console.log
DA:465,0
FN:468,console.log
FNDA:0,console.log
DA:473,0
FN:476,console.log
FNDA:0,console.log
DA:481,0
FN:484,console.log
FNDA:0,console.log
DA:489,0
FN:492,console.log
FNDA:0,console.log
DA:497,0
FN:500,console.log
FNDA:0,console.log
DA:505,0
FN:508,console.log
FNDA:0,console.log
DA:513,0
FN:516,console.log
FNDA:0,console.log
DA:521,0
FN:524,console.log
FNDA:0,console.log
DA:529,0
FN:532,console.log
FNDA:0,console.log
DA:537,0
FN:540,console.log
FNDA:0,console.log
DA:545,0
FN:548,console.log
FNDA:0,console.log
DA:553,0
FN:556,console.log
FNDA:0,console.log
DA:561,0
FN:564,console.log
FNDA:0,console.log
DA:569,0
FN:572,console.log
FNDA:0,console.log
DA:577,0
FN:580,console.log
FNDA:0,console.log
DA:585,0
FN:588,console.log
FNDA:0,console.log
DA:593,0
FN:596,console.log
FNDA:0,console.log
DA:601,0
FN:604,console.log
FNDA:0,console.log
DA:609,0
FN:612,console.log
FNDA:0,console.log
DA:617,0
FN:620,console.log
FNDA:0,console.log
DA:625,0
FN:628,console.log
FNDA:0,console.log
DA:633,0
FN:636,console.log
FNDA:0,console.log
DA:641,0
FN:644,console.log
FNDA:0,console.log
DA:649,0
FN:652,console.log
FNDA:0,console.log
DA:657,0
FN:660,console.log
FNDA:0,console.log
DA:665,0
FN:668,console.log
FNDA:0,console.log
DA:673,0
FN:676,console.log
FNDA:0,console.log
DA:681,0
FN:684,console.log
FNDA:0,console.log
DA:689,0
FN:692,console.log
FNDA:0,console.log
DA:697,0
FN:700,console.log
FNDA:0,console.log
DA:705,0
FN:708,console.log
FNDA:0,console.log
DA:713,0
FN:716,console.log
FNDA:0,console.log
DA:721,0
FN:724,console.log
FNDA:0,console.log
DA:729,0
FN:732,console.log
FNDA:0,console.log
DA:737,0
FN:740,console.log
FNDA:0,console.log
DA:745,0
FN:748,console.log
FNDA:0,console.log
DA:753,0
FN:756,console.log
FNDA:0,console.log
DA:761,0
FN:764,console.log
FNDA:0,console.log
DA:770,0
FN:773,console.log
FNDA:0,console.log
DA:779,0
FN:782,console.log
FNDA:0,console.log
DA:788,0
FN:791,console.log
FNDA:0,console.log
DA:797,0
FN:800,console.log
FNDA:0,console.log
DA:806,0
FN:809,console.log
FNDA:0,console.log
DA:815,0
FN:818,console.log
FNDA:0,console.log
DA:824,0
FN:827,console.log
FNDA:0,console.log
DA:833,0
FN:836,console.log
FNDA:0,console.log
DA:842,0
FN:845,console.log
FNDA:0,console.log
DA:851,0
FN:854,console.log
FNDA:0,console.log
DA:860,0
FN:863,console.log
FNDA:0,console.log
DA:869,0
FN:872,console.log
FNDA:0,console.log
DA:878,0
FN:881,console.log
FNDA:0,console.log
DA:887,0
FN:890,console.log
FNDA:0,console.log
DA:896,0
FN:899,console.log
FNDA:0,console.log
DA:905,0
FN:908,console.log
FNDA:0,console.log
DA:914,0
FN:917,console.log
FNDA:0,console.log
DA:923,0
FN:926,console.log
FNDA:0,console.log
DA:932,0
FN:935,console.log
FNDA:0,console.log
DA:941,0
FN:944,console.log
FNDA:0,console.log
DA:950,0
FN:953,console.log
FNDA:0,console.log
DA:959,0
FN:962,console.log
FNDA:0,console.log
DA:968,0
FN:971,console.log
FNDA:0,console.log
DA:977,0
FN:980,console.log
FNDA:0,console.log
DA:986,0
FN:989,console.log
FNDA:0,console.log
DA:995,0
FN:998,console.log
FNDA:0,console.log
DA:1004,0
FN:1007,console.log
FNDA:0,console.log
DA:1013,0
FN:1016,console.log
FNDA:0,console.log
DA:1022,0
FN:1025,console.log
FNDA:0,console.log
DA:1031,0
FN:1034,console.log
FNDA:0,console.log
DA:1040,0
FN:1043,console.log
FNDA:0,console.log
DA:1049,0
FN:1052,console.log
FNDA:0,console.log
DA:1058,0
FN:1061,console.log
FNDA:0,console.log
DA:1067,0
FN:1070,console.log
FNDA:0,console.log
DA:1076,0
FN:1079,console.log
FNDA:0,console.log
DA:1085,0
FN:1088,console.log
FNDA:0,console.log
DA:1094,0
FN:1097,console.log
FNDA:0,console.log
DA:1103,0
FN:1106,console.log
FNDA:0,console.log
DA:1112,0
FN:1115,console.log
FNDA:0,console.log
DA:1121,0
FN:1124,console.log
FNDA:0,console.log
DA:1130,0
FN:1133,console.log
FNDA:0,console.log
DA:1139,0
FN:1142,console.log
FNDA:0,console.log
DA:1148,0
FN:1151,console.log
FNDA:0,console.log
DA:1157,0
FN:1160,console.log
FNDA:0,console.log
DA:1166,0
FN:1169,console.log
FNDA:0,console.log
DA:1175,0
FN:1178,console.log
FNDA:0,console.log
DA:1184,0
FN:1187,console.log
FNDA:0,console.log
DA:1193,0
FN:1196,console.log
FNDA:0,console.log
DA:1202,0
FN:1205,console.log
FNDA:0,console.log
DA:1211,0
FN:1214,console.log
FNDA:0,console.log
DA:1220,0
FN:1223,console.log
FNDA:0,console.log
DA:1229,0
FN:1232,console.log
FNDA:0,console.log
DA:1238,0
FN:1241,console.log
FNDA:0,console.log
DA:1247,0
FN:1250,console.log
FNDA:0,console.log
DA:1256,0
FN:1259,console.log
FNDA:0,console.log
DA:1265,0
FN:1268,console.log
FNDA:0,console.log
DA:1274,0
FN:1277,console.log
FNDA:0,console.log
DA:1283,0
FN:1286,console.log
FNDA:0,console.log
DA:1292,0
FN:1295,console.log
FNDA:0,console.log
DA:1301,0
FN:1304,console.log
FNDA:0,console.log
DA:1310,0
FN:1313,console.log
FNDA:0,console.log
DA:1319,0
FN:1322,console.log
FNDA:0,console.log
DA:1328,0
FN:1331,console.log
FNDA:0,console.log
DA:1337,0
FN:1340,console.log
FNDA:0,console.log
DA:1346,0
FN:1349,console.log
FNDA:0,console.log
DA:1355,0
FN:1358,console.log
FNDA:0,console.log
DA:1364,0
FN:1367,console.log
FNDA:0,console.log
DA:1373,0
FN:1376,console.log
FNDA:0,console.log
DA:1382,0
FN:1385,console.log
FNDA:0,console.log
DA:1391,0
FN:1394,console.log
FNDA:0,console.log
DA:1400,0
FN:1403,console.log
FNDA:0,console.log
DA:1409,0
FN:1412,console.log
FNDA:0,console.log
DA:1418,0
FN:1421,console.log
FNDA:0,console.log
DA:1427,0
FN:1430,console.log
FNDA:0,console.log
DA:1436,0
FN:1439,console.log
FNDA:0,console.log
DA:1445,0
FN:1448,console.log
FNDA:0,console.log
DA:1454,0
FN:1457,console.log
FNDA:0,console.log
DA:1463,0
FN:1466,console.log
FNDA:0,console.log
DA:1472,0
FN:1475,console.log
FNDA:0,console.log
DA:1481,0
FN:1484,console.log
FNDA:0,console.log
DA:1490,0
FN:1493,console.log
FNDA:0,console.log
DA:1499,0
FN:1502,console.log
FNDA:0,console.log
DA:1508,0
FN:1511,console.log
FNDA:0,console.log
DA:1517,0
FN:1520,console.log
FNDA:0,console.log
DA:1526,0
FN:1529,console.log
FNDA:0,console.log
DA:1535,0
FN:1538,console.log
FNDA:0,console.log
DA:1544,0
FN:1547,console.log
FNDA:0,console.log
DA:1553,0
FN:1556,console.log
FNDA:0,console.log
DA:1562,0
FN:1565,console.log
FNDA:0,console.log
DA:1571,0
FN:1574,console.log
FNDA:0,console.log
DA:1580,0
FN:1583,console.log
FNDA:0,console.log
DA:1589,0
FN:1592,console.log
FNDA:0,console.log
DA:1598,0
FN:1601,console.log
FNDA:0,console.log
DA:1607,0
FN:1610,console.log
FNDA:0,console.log
DA:1616,0
FN:1619,console.log
FNDA:0,console.log
DA:1625,0
FN:1628,console.log
FNDA:0,console.log
DA:1634,0
FN:1637,console.log
FNDA:0,console.log
DA:1643,0
FN:1646,console.log
FNDA:0,console.log
DA:1652,0
FN:1655,console.log
FNDA:0,console.log
DA:1661,0
FN:1664,console.log
FNDA:0,console.log
DA:1670,0
FN:1673,console.log
FNDA:0,console.log
DA:1679,0
FN:1682,console.log
FNDA:0,console.log
DA:1688,0
FN:1691,console.log
FNDA:0,console.log
DA:1697,0
FN:1700,console.log
FNDA:0,console.log
DA:1706,0
FN:1709,console.log
FNDA:0,console.log
DA:1715,0
FN:1718,console.log
FNDA:0,console.log
DA:1724,0
FN:1727,console.log
FNDA:0,console.log
DA:1733,0
FN:1736,console.log
FNDA:0,console.log
DA:1742,0
FN:1745,console.log
FNDA:0,console.log
DA:1751,0
FN:1754,console.log
FNDA:0,console.log
DA:1760,0
FN:1763,console.log
FNDA:0,console.log
DA:1769,0
FN:1772,console.log
FNDA:0,console.log
DA:1778,0
FN:1781,console.log
FNDA:0,console.log
DA:1787,0
FN:1790,console.log
FNDA:0,console.log
DA:1796,0
FN:1799,console.log
FNDA:0,console.log
DA:1805,0
FN:1808,console.log
FNDA:0,console.log
DA:1814,0
FN:1817,console.log
FNDA:0,console.log
DA:1823,0
FN:1826,console.log
FNDA:0,console.log
DA:1832,0
FN:1835,console.log
FNDA:0,console.log
DA:1841,0
FN:1844,console.log
FNDA:0,console.log
DA:1850,0
FN:1853,console.log
FNDA:0,console.log
DA:1859,0
FN:1862,console.log
FNDA:0,console.log
DA:1868,0
FN:1871,console.log
FNDA:0,console.log
DA:1877,0
FN:1880,console.log
FNDA:0,console.log
DA:1886,0
FN:1889,console.log
FNDA:0,console.log
DA:1895,0
FN:1898,console.log
FNDA:0,console.log
DA:1904,0
FN:1907,console.log
FNDA:0,console.log
DA:1913,0
FN:1916,console.log
FNDA:0,console.log
DA:1922,0
FN:1925,console.log
FNDA:0,console.log
DA:1931,0
FN:1934,console.log
FNDA:0,console.log
DA:1940,0
FN:1943,console.log
FNDA:0,console.log
DA:1949,0
FN:1952,console.log
FNDA:0,console.log
DA:1958,0
FN:1961,console.log
FNDA:0,console.log
DA:1967,0
FN:1970,console.log
FNDA:0,console.log
DA:1976,0
FN:1979,console.log
FNDA:0,console.log
DA:1985,0
FN:1988,console.log
FNDA:0,console.log
DA:1994,0
FN:1997,console.log
FNDA:0,console.log
DA:2003,0
FN:2006,console.log
FNDA:0,console.log
DA:2012,0
FN:2015,console.log
FNDA:0,console.log
DA:2021,0
FN:2024,console.log
FNDA:0,console.log
DA:2030,0
FN:2033,console.log
FNDA:0,console.log
DA:2039,0
FN:2042,console.log
FNDA:0,console.log
DA:2048,0
FN:2051,console.log
FNDA:0,console.log
DA:2057,0
FN:2060,console.log
FNDA:0,console.log
DA:2066,0
FN:2069,console.log
FNDA:0,console.log
DA:2075,0
FN:2078,console.log
FNDA:0,console.log
DA:2084,0
FN:2087,console.log
FNDA:0,console.log
DA:2093,0
FN:2096,console.log
FNDA:0,console.log
DA:2102,0
FN:2105,console.log
FNDA:0,console.log
DA:2111,0
FN:2114,console.log
FNDA:0,console.log
DA:2120,0
FN:2123,console.log
FNDA:0,console.log
DA:2129,0
FN:2132,console.log
FNDA:0,console.log
DA:2138,0
FN:2141,console.log
FNDA:0,console.log
DA:2147,0
FN:2150,console.log
FNDA:0,console.log
DA:2156,0
FN:2159,console.log
FNDA:0,console.log
DA:2165,0
FN:2168,console.log
FNDA:0,console.log
DA:2174,0
FN:2177,console.log
FNDA:0,console.log
DA:2183,0
FN:2186,console.log
FNDA:0,console.log
DA:2192,0
FN:2195,console.log
FNDA:0,console.log
DA:2201,0
FN:2204,console.log
FNDA:0,console.log
DA:2210,0
FN:2213,console.log
FNDA:0,console.log
DA:2219,0
FN:2222,console.log
FNDA:0,console.log
DA:2228,0
FN:2231,console.log
FNDA:0,console.log
DA:2237,0
FN:2240,console.log
FNDA:0,console.log
DA:2246,0
FN:2249,console.log
FNDA:0,console.log
DA:2255,0
FN:2258,console.log
FNDA:0,console.log
DA:2264,0
FN:2267,console.log
FNDA:0,console.log
DA:2273,0
FN:2276,console.log
FNDA:0,console.log
DA:2282,0
FN:2285,console.log
FNDA:0,console.log
DA:2291,0
FN:2294,console.log
FNDA:0,console.log
DA:2300,0
FN:2303,console.log
FNDA:0,console.log
DA:2309,0
FN:2312,console.log
FNDA:0,console.log
DA:2318,0
FN:2321,console.log
FNDA:0,console.log
DA:2327,0
FN:2330,console.log
FNDA:0,console.log
DA:2336,0
FN:2339,console.log
FNDA:0,console.log
DA:2345,0
FN:2348,console.log
FNDA:0,console.log
DA:2354,0
FN:2357,console.log
FNDA:0,console.log
DA:2363,0
FN:2366,console.log
FNDA:0,console.log
DA:2372,0
FN:2375,console.log
FNDA:0,console.log
DA:2381,0
FN:2384,console.log
FNDA:0,console.log
DA:2390,0
FN:2393,console.log
FNDA:0,console.log
DA:2399,0
FN:2402,console.log
FNDA:0,console.log
DA:2408,0
FN:2411,console.log
FNDA:0,console.log
DA:2417,0
FN:2420,console.log
FNDA:0,console.log
DA:2426,0
FN:2429,console.log
FNDA:0,console.log
DA:2435,0
FN:2438,console.log
FNDA:0,console.log
DA:2444,0
FN:2447,console.log
FNDA:0,console.log
DA:2453,0
FN:2456,console.log
FNDA:0,console.log
DA:2462,0
FN:2465,console.log
FNDA:0,console.log
DA:2471,0
FN:2474,console.log
FNDA:0,console.log
DA:2480,0
FN:2483,console.log
FNDA:0,console.log
DA:2489,0
FN:2492,console.log
FNDA:0,console.log
DA:2498,0
FN:2501,console.log
FNDA:0,console.log
DA:2507,0
FN:2510,console.log
FNDA:0,console.log
DA:2516,0
FN:2519,console.log
FNDA:0,console.log
DA:2525,0
FN:2528,console.log
FNDA:0,console.log
DA:2534,0
FN:2537,console.log
FNDA:0,console.log
DA:2543,0
FN:2546,console.log
FNDA:0,console.log
DA:2552,0
FN:2555,console.log
FNDA:0,console.log
DA:2561,0
FN:2564,console.log
FNDA:0,console.log
DA:2570,0
FN:2573,console.log
FNDA:0,console.log
DA:2579,0
FN:2582,console.log
FNDA:0,console.log
DA:2588,0
FN:2591,console.log
FNDA:0,console.log
DA:2597,0
FN:2600,console.log
FNDA:0,console.log
DA:2606,0
FN:2609,console.log
FNDA:0,console.log
DA:2615,0
FN:2618,console.log
FNDA:0,console.log
DA:2624,0
FN:2627,console.log
FNDA:0,console.log
DA:2633,0
FN:2636,console.log
FNDA:0,console.log
DA:2642,0
FN:2645,console.log
FNDA:0,console.log
DA:2651,0
FN:2654,console.log
FNDA:0,console.log
DA:2660,0
FN:2663,console.log
FNDA:0,console.log
DA:2669,0
FN:2672,console.log
FNDA:0,console.log
DA:2678,0
FN:2681,console.log
FNDA:0,console.log
DA:2687,0
FN:2690,console.log
FNDA:0,console.log
DA:2696,0
FN:2699,console.log
FNDA:0,console.log
DA:2705,0
FN:2708,console.log
FNDA:0,console.log
DA:2714,0
FN:2717,console.log
FNDA:0,console.log
DA:2723,0
FN:2726,console.log
FNDA:0,console.log
DA:2732,0
FN:2735,console.log
FNDA:0,console.log
DA:2741,0
FN:2744,console.log
FNDA:0,console.log
DA:2750,0
FN:2753,console.log
FNDA:0,console.log
DA:2759,0
FN:2762,console.log
FNDA:0,console.log
DA:2768,0
FN:2771,console.log
FNDA:0,console.log
DA:2777,0
FN:2780,console.log
FNDA:0,console.log
DA:2786,0
FN:2789,console.log
FNDA:0,console.log
DA:2795,0
FN:2798,console.log
FNDA:0,console.log
DA:2804,0
FN:2807,console.log
FNDA:0,console.log
DA:2813,0
FN:2816,console.log
FNDA:0,console.log
DA:2822,0
FN:2825,console.log
FNDA:0,console.log
DA:2831,0
FN:2834,console.log
FNDA:0,console.log
DA:2840,0
FN:2843,console.log
FNDA:0,console.log
DA:2849,0
FN:2852,console.log
FNDA:0,console.log
DA:2858,0
FN:2861,console.log
FNDA:0,console.log
DA:2867,0
FN:2870,console.log
FNDA:0,console.log
DA:2876,0
FN:2879,console.log
FNDA:0,console.log
DA:2885,0
FN:2888,console.log
FNDA:0,console.log
DA:2894,0
FN:2897,console.log
FNDA:0,console.log
DA:2903,0
FN:2906,console.log
FNDA:0,console.log
DA:2912,0
FN:2915,console.log
FNDA:0,console.log
DA:2921,0
FN:2924,console.log
FNDA:0,console.log
DA:2930,0
FN:2933,console.log
FNDA:0,console.log
DA:2939,0
FN:2942,console.log
FNDA:0,console.log
DA:2948,0
FN:2951,console.log
FNDA:0,console.log
DA:2957,0
FN:2960,console.log
FNDA:0,console.log
DA:2966,0
FN:2969,console.log
FNDA:0,console.log
DA:2975,0
FN:2978,console.log
FNDA:0,console.log
DA:2984,0
FN:2987,console.log
FNDA:0,console.log
DA:2993,0
FN:2996,console.log
FNDA:0,console.log
DA:3002,0
FN:3005,console.log
FNDA:0,console.log
DA:3011,0
FN:3014,console.log
FNDA:0,console.log
DA:3020,0
FN:3023,console.log
FNDA:0,console.log
DA:3029,0
FN:3032,console.log
FNDA:0,console.log
DA:3038,0
FN:3041,console.log
FNDA:0,console.log
DA:3047,0
FN:3050,console.log
FNDA:0,console.log
DA:3056,0
FN:3059,console.log
FNDA:0,console.log
DA:3065,0
FNF:380
FNH:0
LF:381
LH:0
BRF:0
BRH:0
end_of_record
TN:
SF:src/test/utils/SignatureMint1155Utils.sol
FN:23,SignatureMint1155Utils._buildDomainSeparator
FNDA:0,SignatureMint1155Utils._buildDomainSeparator
DA:28,0
FN:32,SignatureMint1155Utils.getStructHash
FNDA:0,SignatureMint1155Utils.getStructHash
DA:33,0
DA:34,0
FN:58,SignatureMint1155Utils.getTypedDataHash
FNDA:0,SignatureMint1155Utils.getTypedDataHash
DA:59,0
FNF:3
FNH:0
LF:4
LH:0
BRF:0
BRH:0
end_of_record
TN:
SF:src/test/utils/Wallet.sol
FN:12,Wallet.transferERC20
FNDA:3,Wallet.transferERC20
DA:17,3
FN:20,Wallet.setAllowanceERC20
FNDA:7,Wallet.setAllowanceERC20
DA:25,7
FN:28,Wallet.burnERC20
FNDA:0,Wallet.burnERC20
DA:29,0
FN:32,Wallet.transferERC721
FNDA:3,Wallet.transferERC721
DA:37,3
FN:40,Wallet.setApprovalForAllERC721
FNDA:4,Wallet.setApprovalForAllERC721
DA:45,4
FN:48,Wallet.burnERC721
FNDA:0,Wallet.burnERC721
DA:49,0
FN:52,Wallet.transferERC1155
FNDA:3,Wallet.transferERC1155
DA:59,3
FN:62,Wallet.setApprovalForAllERC1155
FNDA:4,Wallet.setApprovalForAllERC1155
DA:67,4
FN:70,Wallet.burnERC1155
FNDA:0,Wallet.burnERC1155
DA:75,0
FNF:9
FNH:6
LF:9
LH:6
BRF:0
BRH:0
end_of_record
